------------------------------
###### token_overlap.py ######
------------------------------
Arguments:-
	--data1 = '/home/hatch5o6/nobackup/archive/data/Kreyol-MT/mfe-fra/concat.mfe-fra.mfe'
	--spm1 = '/home/hatch5o6/nobackup/archive/CognateMT/spm_models/fr.mfe/fr.mfe'
	--data2 = '/home/hatch5o6/nobackup/archive/data/Kreyol-MT/mfe-fra/concat.mfe-fra.fra'
	--spm2 = '/home/hatch5o6/nobackup/archive/CognateMT/spm_models/fr.mfe/fr.mfe'
	--is_parallel = 'True'
	--out = 'sh/token_overlap.fr-mfe.mfe.parallel.json'
Calculating Jensen-Shanon Divergence
TOKS: 6247
JSD 0.27527326345443726
SCIPY JSD 0.2752732967824269
JSD: <class 'numpy.float64'> 0.2752732967824269
Calculating Jaccard Similarity
JACCARD: <class 'dict'> 0.3587321914518969
------------------------------
###### token_overlap.py ######
------------------------------
Arguments:-
	--data1 = '/home/hatch5o6/nobackup/archive/data/Kreyol-MT/mfe-fra/concat.mfe-fra.mfe'
	--spm1 = '/home/hatch5o6/nobackup/archive/CognateMT/spm_models/fr.mfe/fr.mfe'
	--data2 = '/home/hatch5o6/nobackup/archive/data/CCMatrix_fr_en/fixed/stitched/cleaned/tgt.100k.txt'
	--spm2 = '/home/hatch5o6/nobackup/archive/CognateMT/spm_models/fr.mfe/fr.mfe'
	--is_parallel = 'False'
	--out = 'sh/token_overlap.fr-mfe.mfe.json'
Calculating Jensen-Shanon Divergence
TOKS: 7948
JSD 0.4146201014518738
SCIPY JSD 0.4146202523594074
JSD: <class 'numpy.float64'> 0.4146202523594074
Calculating Jaccard Similarity
JACCARD: <class 'dict'> 0.3320332159033719
