------------------------------
###### token_overlap.py ######
------------------------------
Arguments:-
	--data1 = '/home/hatch5o6/nobackup/archive/data/LRRomance/es-an/Combined/train/train.an'
	--spm1 = '/home/hatch5o6/nobackup/archive/CognateMT/spm_models/es.an/es.an'
	--data2 = '/home/hatch5o6/nobackup/archive/data/LRRomance/es-an/Combined/train/train.es'
	--spm2 = '/home/hatch5o6/nobackup/archive/CognateMT/spm_models/es.an/es.an'
	--is_parallel = 'True'
	--out = 'sh/token_overlap.es-en.an.parallel.json'
Calculating Jensen-Shanon Divergence
TOKS: 7964
JSD 0.12067969888448715
SCIPY JSD 0.12067978295517996
JSD: <class 'numpy.float64'> 0.12067978295517996
Calculating Jaccard Similarity
JACCARD: <class 'dict'> 0.9029382219989954
------------------------------
###### token_overlap.py ######
------------------------------
Arguments:-
	--data1 = '/home/hatch5o6/nobackup/archive/data/LRRomance/es-an/Combined/train/train.an'
	--spm1 = '/home/hatch5o6/nobackup/archive/CognateMT/spm_models/es.an/es.an'
	--data2 = '/home/hatch5o6/nobackup/archive/data/LRRomance/es-en/CCMatrix/fixed/cleaned/tgt.100k.txt'
	--spm2 = '/home/hatch5o6/nobackup/archive/CognateMT/spm_models/es.an/es.an'
	--is_parallel = 'False'
	--out = 'sh/token_overlap.es-en.an.json'
Calculating Jensen-Shanon Divergence
TOKS: 7963
JSD 0.1953105628490448
SCIPY JSD 0.19531045021393706
JSD: <class 'numpy.float64'> 0.19531045021393706
Calculating Jaccard Similarity
JACCARD: <class 'dict'> 0.8357402988823308
