------------------------------
###### token_overlap.py ######
------------------------------
Arguments:-
	--data1 = '/home/hatch5o6/nobackup/archive/data/Kreyol-MT/mfe-fra/concat.mfe-fra.mfe'
	--spm1 = '/home/hatch5o6/nobackup/archive/CognateMT/spm_models/SC_fr2mfe.mfe/SC_fr2mfe.mfe'
	--data2 = '/home/hatch5o6/nobackup/archive/data/Kreyol-MT/mfe-fra/concat.mfe-fra.SC_NGfr2NGmfe'
	--spm2 = '/home/hatch5o6/nobackup/archive/CognateMT/spm_models/SC_fr2mfe.mfe/SC_fr2mfe.mfe'
	--is_parallel = 'True'
	--out = 'sh/token_overlap.SC_fr2mfe.mfe.parallel.json'
Calculating Jensen-Shanon Divergence
TOKS: 6353
JSD 0.15807677805423737
SCIPY JSD 0.15807684026964947
JSD: <class 'numpy.float64'> 0.15807684026964947
Calculating Jaccard Similarity
JACCARD: <class 'dict'> 0.6330867306784197
------------------------------
###### token_overlap.py ######
------------------------------
Arguments:-
	--data1 = '/home/hatch5o6/nobackup/archive/data/Kreyol-MT/mfe-fra/concat.mfe-fra.mfe'
	--spm1 = '/home/hatch5o6/nobackup/archive/CognateMT/spm_models/SC_fr2mfe.mfe/SC_fr2mfe.mfe'
	--data2 = '/home/hatch5o6/nobackup/archive/data/CCMatrix_fr_en/fixed/stitched/cleaned/tgt.100k.SC_NGfr2NGmfe.txt'
	--spm2 = '/home/hatch5o6/nobackup/archive/CognateMT/spm_models/SC_fr2mfe.mfe/SC_fr2mfe.mfe'
	--is_parallel = 'False'
	--out = 'sh/token_overlap.SC_fr2mfe.mfe.json'
Calculating Jensen-Shanon Divergence
TOKS: 7931
JSD 0.3221089243888855
SCIPY JSD 0.3221089092512453
JSD: <class 'numpy.float64'> 0.3221089092512453
Calculating Jaccard Similarity
JACCARD: <class 'dict'> 0.582398184339932
