#################################
# log_parallel_dataset_sizes.py #
#################################
Arguments:-
	-LOG_F: /home/hatch5o6/Cognate/code/NMT_parallel_dataset_log.json
	-cfgs: None
	-nmt_data_dir: /home/hatch5o6/Cognate/code/NMT/data
------------------------------

data_csv /home/hatch5o6/Cognate/code/NMT/data/an-en/train.csv
random seed: 525
MultilingualDataset READING CSV /home/hatch5o6/Cognate/code/NMT/data/an-en/train.csv
Reading all lines from /home/hatch5o6/nobackup/archive/data/LRRomance/en-an/OpenSubtitles/cleaned/src.txt
Reading all lines from /home/hatch5o6/nobackup/archive/data/LRRomance/en-an/OpenSubtitles/cleaned/tgt.txt
Reading all lines from /home/hatch5o6/nobackup/archive/data/LRRomance/en-an/WikiMatrix/cleaned/src.txt
Reading all lines from /home/hatch5o6/nobackup/archive/data/LRRomance/en-an/WikiMatrix/cleaned/tgt.txt
Making unique: ('an', 'en')
	Before unique: 20089
	After unique: 20089
DATA MAX_SIZE = 20089
RAW DATA SIZE: 20089
UPSAMPLED SIZE: 20089
RETURNING SRC PATHS ['/home/hatch5o6/nobackup/archive/data/LRRomance/en-an/OpenSubtitles/cleaned/src.txt', '/home/hatch5o6/nobackup/archive/data/LRRomance/en-an/WikiMatrix/cleaned/src.txt']
RETURNING TGT PATHS ['/home/hatch5o6/nobackup/archive/data/LRRomance/en-an/OpenSubtitles/cleaned/tgt.txt', '/home/hatch5o6/nobackup/archive/data/LRRomance/en-an/WikiMatrix/cleaned/tgt.txt']
MultilingualDataset TOTAL PAIRS: 20089
data_csv /home/hatch5o6/Cognate/code/NMT/data/an-en_dev_test/val.csv
random seed: 525
MultilingualDataset READING CSV /home/hatch5o6/Cognate/code/NMT/data/an-en_dev_test/val.csv
Reading all lines from /home/hatch5o6/nobackup/archive/data/LRRomance/PILAR/FLORES+/dev/dev.arg_Latn
Reading all lines from /home/hatch5o6/nobackup/archive/data/flores200_dataset/dev/eng_Latn.dev
Making unique: ('an', 'en')
	Before unique: 997
	After unique: 997
DATA MAX_SIZE = 997
RAW DATA SIZE: 997
UPSAMPLED SIZE: 997
RETURNING SRC PATHS ['/home/hatch5o6/nobackup/archive/data/LRRomance/PILAR/FLORES+/dev/dev.arg_Latn']
RETURNING TGT PATHS ['/home/hatch5o6/nobackup/archive/data/flores200_dataset/dev/eng_Latn.dev']
MultilingualDataset TOTAL PAIRS: 997
data_csv /home/hatch5o6/Cognate/code/NMT/data/an-en_dev_test/test.csv
random seed: 525
MultilingualDataset READING CSV /home/hatch5o6/Cognate/code/NMT/data/an-en_dev_test/test.csv
Reading all lines from /home/hatch5o6/nobackup/archive/data/LRRomance/PILAR/FLORES+/devtest/devtest.arg_Latn
Reading all lines from /home/hatch5o6/nobackup/archive/data/flores200_dataset/devtest/eng_Latn.devtest
Making unique: ('an', 'en')
	Before unique: 1012
	After unique: 1012
DATA MAX_SIZE = 1012
RAW DATA SIZE: 1012
UPSAMPLED SIZE: 1012
RETURNING SRC PATHS ['/home/hatch5o6/nobackup/archive/data/LRRomance/PILAR/FLORES+/devtest/devtest.arg_Latn']
RETURNING TGT PATHS ['/home/hatch5o6/nobackup/archive/data/flores200_dataset/devtest/eng_Latn.devtest']
MultilingualDataset TOTAL PAIRS: 1012
data_csv /home/hatch5o6/Cognate/code/NMT/data/as-bn/train.csv
random seed: 525
MultilingualDataset READING CSV /home/hatch5o6/Cognate/code/NMT/data/as-bn/train.csv
Reading all lines from /home/hatch5o6/nobackup/archive/data/NLLB/bn_as/cleaned/src.txt
Reading all lines from /home/hatch5o6/nobackup/archive/data/NLLB/bn_as/cleaned/tgt.txt
Making unique: ('as', 'bn')
	Before unique: 1013015
	After unique: 1013015
DATA MAX_SIZE = 1013015
RAW DATA SIZE: 1013015
UPSAMPLED SIZE: 1013015
RETURNING SRC PATHS ['/home/hatch5o6/nobackup/archive/data/NLLB/bn_as/cleaned/src.txt']
RETURNING TGT PATHS ['/home/hatch5o6/nobackup/archive/data/NLLB/bn_as/cleaned/tgt.txt']
MultilingualDataset TOTAL PAIRS: 1013015
data_csv /home/hatch5o6/Cognate/code/NMT/data/as-bn_dev_test/val.csv
random seed: 525
MultilingualDataset READING CSV /home/hatch5o6/Cognate/code/NMT/data/as-bn_dev_test/val.csv
Reading all lines from /home/hatch5o6/nobackup/archive/data/flores200_dataset/dev/asm_Beng.dev
Reading all lines from /home/hatch5o6/nobackup/archive/data/flores200_dataset/dev/ben_Beng.dev
Making unique: ('as', 'bn')
	Before unique: 997
	After unique: 997
DATA MAX_SIZE = 997
RAW DATA SIZE: 997
UPSAMPLED SIZE: 997
RETURNING SRC PATHS ['/home/hatch5o6/nobackup/archive/data/flores200_dataset/dev/asm_Beng.dev']
RETURNING TGT PATHS ['/home/hatch5o6/nobackup/archive/data/flores200_dataset/dev/ben_Beng.dev']
MultilingualDataset TOTAL PAIRS: 997
data_csv /home/hatch5o6/Cognate/code/NMT/data/as-bn_dev_test/test.csv
random seed: 525
MultilingualDataset READING CSV /home/hatch5o6/Cognate/code/NMT/data/as-bn_dev_test/test.csv
Reading all lines from /home/hatch5o6/nobackup/archive/data/flores200_dataset/devtest/asm_Beng.devtest
Reading all lines from /home/hatch5o6/nobackup/archive/data/flores200_dataset/devtest/ben_Beng.devtest
Making unique: ('as', 'bn')
	Before unique: 1012
	After unique: 1012
DATA MAX_SIZE = 1012
RAW DATA SIZE: 1012
UPSAMPLED SIZE: 1012
RETURNING SRC PATHS ['/home/hatch5o6/nobackup/archive/data/flores200_dataset/devtest/asm_Beng.devtest']
RETURNING TGT PATHS ['/home/hatch5o6/nobackup/archive/data/flores200_dataset/devtest/ben_Beng.devtest']
MultilingualDataset TOTAL PAIRS: 1012
data_csv /home/hatch5o6/Cognate/code/NMT/data/as-hi/train.csv
random seed: 525
MultilingualDataset READING CSV /home/hatch5o6/Cognate/code/NMT/data/as-hi/train.csv
Reading all lines from /home/hatch5o6/nobackup/archive/data/NLLB/as_hi/cleaned/src.txt
Reading all lines from /home/hatch5o6/nobackup/archive/data/NLLB/as_hi/cleaned/tgt.txt
Making unique: ('as', 'hi')
	Before unique: 478962
	After unique: 478962
DATA MAX_SIZE = 478962
RAW DATA SIZE: 478962
UPSAMPLED SIZE: 478962
RETURNING SRC PATHS ['/home/hatch5o6/nobackup/archive/data/NLLB/as_hi/cleaned/src.txt']
RETURNING TGT PATHS ['/home/hatch5o6/nobackup/archive/data/NLLB/as_hi/cleaned/tgt.txt']
MultilingualDataset TOTAL PAIRS: 478962
data_csv /home/hatch5o6/Cognate/code/NMT/data/as-hi_dev_test/val.csv
random seed: 525
MultilingualDataset READING CSV /home/hatch5o6/Cognate/code/NMT/data/as-hi_dev_test/val.csv
Reading all lines from /home/hatch5o6/nobackup/archive/data/flores200_dataset/dev/asm_Beng.dev
Reading all lines from /home/hatch5o6/nobackup/archive/data/flores200_dataset/dev/hin_Deva.dev
Making unique: ('as', 'hi')
	Before unique: 997
	After unique: 997
DATA MAX_SIZE = 997
RAW DATA SIZE: 997
UPSAMPLED SIZE: 997
RETURNING SRC PATHS ['/home/hatch5o6/nobackup/archive/data/flores200_dataset/dev/asm_Beng.dev']
RETURNING TGT PATHS ['/home/hatch5o6/nobackup/archive/data/flores200_dataset/dev/hin_Deva.dev']
MultilingualDataset TOTAL PAIRS: 997
data_csv /home/hatch5o6/Cognate/code/NMT/data/as-hi_dev_test/test.csv
random seed: 525
MultilingualDataset READING CSV /home/hatch5o6/Cognate/code/NMT/data/as-hi_dev_test/test.csv
Reading all lines from /home/hatch5o6/nobackup/archive/data/flores200_dataset/devtest/asm_Beng.devtest
Reading all lines from /home/hatch5o6/nobackup/archive/data/flores200_dataset/devtest/hin_Deva.devtest
Making unique: ('as', 'hi')
	Before unique: 1012
	After unique: 1012
DATA MAX_SIZE = 1012
RAW DATA SIZE: 1012
UPSAMPLED SIZE: 1012
RETURNING SRC PATHS ['/home/hatch5o6/nobackup/archive/data/flores200_dataset/devtest/asm_Beng.devtest']
RETURNING TGT PATHS ['/home/hatch5o6/nobackup/archive/data/flores200_dataset/devtest/hin_Deva.devtest']
MultilingualDataset TOTAL PAIRS: 1012
data_csv /home/hatch5o6/Cognate/code/NMT/data/bem-en/train.csv
random seed: 525
MultilingualDataset READING CSV /home/hatch5o6/Cognate/code/NMT/data/bem-en/train.csv
Reading all lines from /home/hatch5o6/nobackup/archive/data/NLLB/en_bem/cleaned/src.txt
Reading all lines from /home/hatch5o6/nobackup/archive/data/NLLB/en_bem/cleaned/tgt.txt
Reading all lines from /home/hatch5o6/nobackup/archive/data/BIG-C/bigc/data/bem/text/cleaned/cleaned/src.txt
Reading all lines from /home/hatch5o6/nobackup/archive/data/BIG-C/bigc/data/bem/text/cleaned/cleaned/tgt.txt
Making unique: ('bem', 'en')
	Before unique: 462128
	After unique: 462128
DATA MAX_SIZE = 462128
RAW DATA SIZE: 462128
UPSAMPLED SIZE: 462128
RETURNING SRC PATHS ['/home/hatch5o6/nobackup/archive/data/NLLB/en_bem/cleaned/src.txt', '/home/hatch5o6/nobackup/archive/data/BIG-C/bigc/data/bem/text/cleaned/cleaned/src.txt']
RETURNING TGT PATHS ['/home/hatch5o6/nobackup/archive/data/NLLB/en_bem/cleaned/tgt.txt', '/home/hatch5o6/nobackup/archive/data/BIG-C/bigc/data/bem/text/cleaned/cleaned/tgt.txt']
MultilingualDataset TOTAL PAIRS: 462128
data_csv /home/hatch5o6/Cognate/code/NMT/data/bem-en_dev_test/val.csv
random seed: 525
MultilingualDataset READING CSV /home/hatch5o6/Cognate/code/NMT/data/bem-en_dev_test/val.csv
Reading all lines from /home/hatch5o6/nobackup/archive/data/flores200_dataset/dev/bem_Latn.dev
Reading all lines from /home/hatch5o6/nobackup/archive/data/flores200_dataset/dev/eng_Latn.dev
Making unique: ('bem', 'en')
	Before unique: 997
	After unique: 997
DATA MAX_SIZE = 997
RAW DATA SIZE: 997
UPSAMPLED SIZE: 997
RETURNING SRC PATHS ['/home/hatch5o6/nobackup/archive/data/flores200_dataset/dev/bem_Latn.dev']
RETURNING TGT PATHS ['/home/hatch5o6/nobackup/archive/data/flores200_dataset/dev/eng_Latn.dev']
MultilingualDataset TOTAL PAIRS: 997
data_csv /home/hatch5o6/Cognate/code/NMT/data/bem-en_dev_test/test.csv
random seed: 525
MultilingualDataset READING CSV /home/hatch5o6/Cognate/code/NMT/data/bem-en_dev_test/test.csv
Reading all lines from /home/hatch5o6/nobackup/archive/data/flores200_dataset/devtest/bem_Latn.devtest
Reading all lines from /home/hatch5o6/nobackup/archive/data/flores200_dataset/devtest/eng_Latn.devtest
Making unique: ('bem', 'en')
	Before unique: 1012
	After unique: 1012
DATA MAX_SIZE = 1012
RAW DATA SIZE: 1012
UPSAMPLED SIZE: 1012
RETURNING SRC PATHS ['/home/hatch5o6/nobackup/archive/data/flores200_dataset/devtest/bem_Latn.devtest']
RETURNING TGT PATHS ['/home/hatch5o6/nobackup/archive/data/flores200_dataset/devtest/eng_Latn.devtest']
MultilingualDataset TOTAL PAIRS: 1012
data_csv /home/hatch5o6/Cognate/code/NMT/data/bho-as/train.csv
random seed: 525
MultilingualDataset READING CSV /home/hatch5o6/Cognate/code/NMT/data/bho-as/train.csv
Reading all lines from /home/hatch5o6/nobackup/archive/data/NLLB/bho_as/cleaned/tgt.txt
Reading all lines from /home/hatch5o6/nobackup/archive/data/NLLB/bho_as/cleaned/src.txt
Making unique: ('bho', 'as')
	Before unique: 82100
	After unique: 82100
DATA MAX_SIZE = 82100
RAW DATA SIZE: 82100
UPSAMPLED SIZE: 82100
RETURNING SRC PATHS ['/home/hatch5o6/nobackup/archive/data/NLLB/bho_as/cleaned/tgt.txt']
RETURNING TGT PATHS ['/home/hatch5o6/nobackup/archive/data/NLLB/bho_as/cleaned/src.txt']
MultilingualDataset TOTAL PAIRS: 82100
data_csv /home/hatch5o6/Cognate/code/NMT/data/bho-as_dev_test/val.csv
random seed: 525
MultilingualDataset READING CSV /home/hatch5o6/Cognate/code/NMT/data/bho-as_dev_test/val.csv
Reading all lines from /home/hatch5o6/nobackup/archive/data/flores200_dataset/dev/bho_Deva.dev
Reading all lines from /home/hatch5o6/nobackup/archive/data/flores200_dataset/dev/asm_Beng.dev
Making unique: ('bho', 'as')
	Before unique: 997
	After unique: 997
DATA MAX_SIZE = 997
RAW DATA SIZE: 997
UPSAMPLED SIZE: 997
RETURNING SRC PATHS ['/home/hatch5o6/nobackup/archive/data/flores200_dataset/dev/bho_Deva.dev']
RETURNING TGT PATHS ['/home/hatch5o6/nobackup/archive/data/flores200_dataset/dev/asm_Beng.dev']
MultilingualDataset TOTAL PAIRS: 997
data_csv /home/hatch5o6/Cognate/code/NMT/data/bho-as_dev_test/test.csv
random seed: 525
MultilingualDataset READING CSV /home/hatch5o6/Cognate/code/NMT/data/bho-as_dev_test/test.csv
Reading all lines from /home/hatch5o6/nobackup/archive/data/flores200_dataset/devtest/bho_Deva.devtest
Reading all lines from /home/hatch5o6/nobackup/archive/data/flores200_dataset/devtest/asm_Beng.devtest
Making unique: ('bho', 'as')
	Before unique: 1012
	After unique: 1012
DATA MAX_SIZE = 1012
RAW DATA SIZE: 1012
UPSAMPLED SIZE: 1012
RETURNING SRC PATHS ['/home/hatch5o6/nobackup/archive/data/flores200_dataset/devtest/bho_Deva.devtest']
RETURNING TGT PATHS ['/home/hatch5o6/nobackup/archive/data/flores200_dataset/devtest/asm_Beng.devtest']
MultilingualDataset TOTAL PAIRS: 1012
data_csv /home/hatch5o6/Cognate/code/NMT/data/bho-hi/train.csv
random seed: 525
MultilingualDataset READING CSV /home/hatch5o6/Cognate/code/NMT/data/bho-hi/train.csv
Reading all lines from /home/hatch5o6/nobackup/archive/data/NLLB/bho_hi/cleaned/src.txt
Reading all lines from /home/hatch5o6/nobackup/archive/data/NLLB/bho_hi/cleaned/tgt.txt
Making unique: ('bho', 'hi')
	Before unique: 345722
	After unique: 345722
DATA MAX_SIZE = 345722
RAW DATA SIZE: 345722
UPSAMPLED SIZE: 345722
RETURNING SRC PATHS ['/home/hatch5o6/nobackup/archive/data/NLLB/bho_hi/cleaned/src.txt']
RETURNING TGT PATHS ['/home/hatch5o6/nobackup/archive/data/NLLB/bho_hi/cleaned/tgt.txt']
MultilingualDataset TOTAL PAIRS: 345722
data_csv /home/hatch5o6/Cognate/code/NMT/data/bho-hi_dev_test/val.csv
random seed: 525
MultilingualDataset READING CSV /home/hatch5o6/Cognate/code/NMT/data/bho-hi_dev_test/val.csv
Reading all lines from /home/hatch5o6/nobackup/archive/data/flores200_dataset/dev/bho_Deva.dev
Reading all lines from /home/hatch5o6/nobackup/archive/data/flores200_dataset/dev/hin_Deva.dev
Making unique: ('bho', 'hi')
	Before unique: 997
	After unique: 997
DATA MAX_SIZE = 997
RAW DATA SIZE: 997
UPSAMPLED SIZE: 997
RETURNING SRC PATHS ['/home/hatch5o6/nobackup/archive/data/flores200_dataset/dev/bho_Deva.dev']
RETURNING TGT PATHS ['/home/hatch5o6/nobackup/archive/data/flores200_dataset/dev/hin_Deva.dev']
MultilingualDataset TOTAL PAIRS: 997
data_csv /home/hatch5o6/Cognate/code/NMT/data/bho-hi_dev_test/test.csv
random seed: 525
MultilingualDataset READING CSV /home/hatch5o6/Cognate/code/NMT/data/bho-hi_dev_test/test.csv
Reading all lines from /home/hatch5o6/nobackup/archive/data/flores200_dataset/devtest/bho_Deva.devtest
Reading all lines from /home/hatch5o6/nobackup/archive/data/flores200_dataset/devtest/hin_Deva.devtest
Making unique: ('bho', 'hi')
	Before unique: 1012
	After unique: 1012
DATA MAX_SIZE = 1012
RAW DATA SIZE: 1012
UPSAMPLED SIZE: 1012
RETURNING SRC PATHS ['/home/hatch5o6/nobackup/archive/data/flores200_dataset/devtest/bho_Deva.devtest']
RETURNING TGT PATHS ['/home/hatch5o6/nobackup/archive/data/flores200_dataset/devtest/hin_Deva.devtest']
MultilingualDataset TOTAL PAIRS: 1012
data_csv /home/hatch5o6/Cognate/code/NMT/data/bn-as/train.csv
random seed: 525
MultilingualDataset READING CSV /home/hatch5o6/Cognate/code/NMT/data/bn-as/train.csv
Reading all lines from /home/hatch5o6/nobackup/archive/data/NLLB/bn_as/cleaned/tgt.txt
Reading all lines from /home/hatch5o6/nobackup/archive/data/NLLB/bn_as/cleaned/src.txt
Making unique: ('bn', 'as')
	Before unique: 1013015
	After unique: 1013015
DATA MAX_SIZE = 1013015
RAW DATA SIZE: 1013015
UPSAMPLED SIZE: 1013015
RETURNING SRC PATHS ['/home/hatch5o6/nobackup/archive/data/NLLB/bn_as/cleaned/tgt.txt']
RETURNING TGT PATHS ['/home/hatch5o6/nobackup/archive/data/NLLB/bn_as/cleaned/src.txt']
MultilingualDataset TOTAL PAIRS: 1013015
data_csv /home/hatch5o6/Cognate/code/NMT/data/bn-as_dev_test/val.csv
random seed: 525
MultilingualDataset READING CSV /home/hatch5o6/Cognate/code/NMT/data/bn-as_dev_test/val.csv
Reading all lines from /home/hatch5o6/nobackup/archive/data/flores200_dataset/dev/ben_Beng.dev
Reading all lines from /home/hatch5o6/nobackup/archive/data/flores200_dataset/dev/asm_Beng.dev
Making unique: ('bn', 'as')
	Before unique: 997
	After unique: 997
DATA MAX_SIZE = 997
RAW DATA SIZE: 997
UPSAMPLED SIZE: 997
RETURNING SRC PATHS ['/home/hatch5o6/nobackup/archive/data/flores200_dataset/dev/ben_Beng.dev']
RETURNING TGT PATHS ['/home/hatch5o6/nobackup/archive/data/flores200_dataset/dev/asm_Beng.dev']
MultilingualDataset TOTAL PAIRS: 997
data_csv /home/hatch5o6/Cognate/code/NMT/data/bn-as_dev_test/test.csv
random seed: 525
MultilingualDataset READING CSV /home/hatch5o6/Cognate/code/NMT/data/bn-as_dev_test/test.csv
Reading all lines from /home/hatch5o6/nobackup/archive/data/flores200_dataset/devtest/ben_Beng.devtest
Reading all lines from /home/hatch5o6/nobackup/archive/data/flores200_dataset/devtest/asm_Beng.devtest
Making unique: ('bn', 'as')
	Before unique: 1012
	After unique: 1012
DATA MAX_SIZE = 1012
RAW DATA SIZE: 1012
UPSAMPLED SIZE: 1012
RETURNING SRC PATHS ['/home/hatch5o6/nobackup/archive/data/flores200_dataset/devtest/ben_Beng.devtest']
RETURNING TGT PATHS ['/home/hatch5o6/nobackup/archive/data/flores200_dataset/devtest/asm_Beng.devtest']
MultilingualDataset TOTAL PAIRS: 1012
data_csv /home/hatch5o6/Cognate/code/NMT/data/bn-hi/train.csv
random seed: 525
MultilingualDataset READING CSV /home/hatch5o6/Cognate/code/NMT/data/bn-hi/train.csv
Reading all lines from /home/hatch5o6/nobackup/archive/data/NLLB/bn_hi/cleaned/src.txt
Reading all lines from /home/hatch5o6/nobackup/archive/data/NLLB/bn_hi/cleaned/tgt.txt
Making unique: ('bn', 'hi')
	Before unique: 3481537
	After unique: 3481537
DATA MAX_SIZE = 3481537
RAW DATA SIZE: 3481537
UPSAMPLED SIZE: 3481537
RETURNING SRC PATHS ['/home/hatch5o6/nobackup/archive/data/NLLB/bn_hi/cleaned/src.txt']
RETURNING TGT PATHS ['/home/hatch5o6/nobackup/archive/data/NLLB/bn_hi/cleaned/tgt.txt']
MultilingualDataset TOTAL PAIRS: 3481537
data_csv /home/hatch5o6/Cognate/code/NMT/data/bn-hi_dev_test/val.csv
random seed: 525
MultilingualDataset READING CSV /home/hatch5o6/Cognate/code/NMT/data/bn-hi_dev_test/val.csv
Reading all lines from /home/hatch5o6/nobackup/archive/data/flores200_dataset/dev/ben_Beng.dev
Reading all lines from /home/hatch5o6/nobackup/archive/data/flores200_dataset/dev/hin_Deva.dev
Making unique: ('bn', 'hi')
	Before unique: 997
	After unique: 997
DATA MAX_SIZE = 997
RAW DATA SIZE: 997
UPSAMPLED SIZE: 997
RETURNING SRC PATHS ['/home/hatch5o6/nobackup/archive/data/flores200_dataset/dev/ben_Beng.dev']
RETURNING TGT PATHS ['/home/hatch5o6/nobackup/archive/data/flores200_dataset/dev/hin_Deva.dev']
MultilingualDataset TOTAL PAIRS: 997
data_csv /home/hatch5o6/Cognate/code/NMT/data/bn-hi_dev_test/test.csv
random seed: 525
MultilingualDataset READING CSV /home/hatch5o6/Cognate/code/NMT/data/bn-hi_dev_test/test.csv
Reading all lines from /home/hatch5o6/nobackup/archive/data/flores200_dataset/devtest/ben_Beng.devtest
Reading all lines from /home/hatch5o6/nobackup/archive/data/flores200_dataset/devtest/hin_Deva.devtest
Making unique: ('bn', 'hi')
	Before unique: 1012
	After unique: 1012
DATA MAX_SIZE = 1012
RAW DATA SIZE: 1012
UPSAMPLED SIZE: 1012
RETURNING SRC PATHS ['/home/hatch5o6/nobackup/archive/data/flores200_dataset/devtest/ben_Beng.devtest']
RETURNING TGT PATHS ['/home/hatch5o6/nobackup/archive/data/flores200_dataset/devtest/hin_Deva.devtest']
MultilingualDataset TOTAL PAIRS: 1012
data_csv /home/hatch5o6/Cognate/code/NMT/data/cs-de/train.csv
random seed: 525
MultilingualDataset READING CSV /home/hatch5o6/Cognate/code/NMT/data/cs-de/train.csv
Reading all lines from /home/hatch5o6/nobackup/archive/data/CCMatrix_de_cs/cs-de/cleaned/src.10M.txt
Reading all lines from /home/hatch5o6/nobackup/archive/data/CCMatrix_de_cs/cs-de/cleaned/tgt.10M.txt
Making unique: ('cs', 'de')
	Before unique: 10000000
	After unique: 10000000
DATA MAX_SIZE = 10000000
RAW DATA SIZE: 10000000
UPSAMPLED SIZE: 10000000
RETURNING SRC PATHS ['/home/hatch5o6/nobackup/archive/data/CCMatrix_de_cs/cs-de/cleaned/src.10M.txt']
RETURNING TGT PATHS ['/home/hatch5o6/nobackup/archive/data/CCMatrix_de_cs/cs-de/cleaned/tgt.10M.txt']
MultilingualDataset TOTAL PAIRS: 10000000
data_csv /home/hatch5o6/Cognate/code/NMT/data/cs-de_dev_test/val.csv
random seed: 525
MultilingualDataset READING CSV /home/hatch5o6/Cognate/code/NMT/data/cs-de_dev_test/val.csv
Reading all lines from /home/hatch5o6/nobackup/archive/data/flores200_dataset/dev/ces_Latn.dev
Reading all lines from /home/hatch5o6/nobackup/archive/data/flores200_dataset/dev/deu_Latn.dev
Making unique: ('cs', 'de')
	Before unique: 997
	After unique: 997
DATA MAX_SIZE = 997
RAW DATA SIZE: 997
UPSAMPLED SIZE: 997
RETURNING SRC PATHS ['/home/hatch5o6/nobackup/archive/data/flores200_dataset/dev/ces_Latn.dev']
RETURNING TGT PATHS ['/home/hatch5o6/nobackup/archive/data/flores200_dataset/dev/deu_Latn.dev']
MultilingualDataset TOTAL PAIRS: 997
data_csv /home/hatch5o6/Cognate/code/NMT/data/cs-de_dev_test/test.csv
random seed: 525
MultilingualDataset READING CSV /home/hatch5o6/Cognate/code/NMT/data/cs-de_dev_test/test.csv
Reading all lines from /home/hatch5o6/nobackup/archive/data/flores200_dataset/devtest/ces_Latn.devtest
Reading all lines from /home/hatch5o6/nobackup/archive/data/flores200_dataset/devtest/deu_Latn.devtest
Making unique: ('cs', 'de')
	Before unique: 1012
	After unique: 1012
DATA MAX_SIZE = 1012
RAW DATA SIZE: 1012
UPSAMPLED SIZE: 1012
RETURNING SRC PATHS ['/home/hatch5o6/nobackup/archive/data/flores200_dataset/devtest/ces_Latn.devtest']
RETURNING TGT PATHS ['/home/hatch5o6/nobackup/archive/data/flores200_dataset/devtest/deu_Latn.devtest']
MultilingualDataset TOTAL PAIRS: 1012
data_csv /home/hatch5o6/Cognate/code/NMT/data/cs-hsb/train.csv
random seed: 525
MultilingualDataset READING CSV /home/hatch5o6/Cognate/code/NMT/data/cs-hsb/train.csv
Reading all lines from /home/hatch5o6/nobackup/archive/data/cs-hsb/WMT-CCMatrix-Overlap/train/train.ce
Reading all lines from /home/hatch5o6/nobackup/archive/data/cs-hsb/WMT-CCMatrix-Overlap/train/train.hsb
Making unique: ('cs', 'hsb')
	Before unique: 326
	After unique: 326
DATA MAX_SIZE = 326
RAW DATA SIZE: 326
UPSAMPLED SIZE: 326
RETURNING SRC PATHS ['/home/hatch5o6/nobackup/archive/data/cs-hsb/WMT-CCMatrix-Overlap/train/train.ce']
RETURNING TGT PATHS ['/home/hatch5o6/nobackup/archive/data/cs-hsb/WMT-CCMatrix-Overlap/train/train.hsb']
MultilingualDataset TOTAL PAIRS: 326
data_csv /home/hatch5o6/Cognate/code/NMT/data/djk-en/train.csv
random seed: 525
MultilingualDataset READING CSV /home/hatch5o6/Cognate/code/NMT/data/djk-en/train.csv
Reading all lines from /home/hatch5o6/nobackup/archive/data/Kreyol-MT/djk-eng/train/cleaned/cleaned/src.txt
Reading all lines from /home/hatch5o6/nobackup/archive/data/Kreyol-MT/djk-eng/train/cleaned/cleaned/tgt.txt
Making unique: ('djk', 'en')
	Before unique: 9942
	After unique: 9942
DATA MAX_SIZE = 9942
RAW DATA SIZE: 9942
UPSAMPLED SIZE: 9942
RETURNING SRC PATHS ['/home/hatch5o6/nobackup/archive/data/Kreyol-MT/djk-eng/train/cleaned/cleaned/src.txt']
RETURNING TGT PATHS ['/home/hatch5o6/nobackup/archive/data/Kreyol-MT/djk-eng/train/cleaned/cleaned/tgt.txt']
MultilingualDataset TOTAL PAIRS: 9942
data_csv /home/hatch5o6/Cognate/code/NMT/data/djk-en_dev_test/val.csv
random seed: 525
MultilingualDataset READING CSV /home/hatch5o6/Cognate/code/NMT/data/djk-en_dev_test/val.csv
Reading all lines from /home/hatch5o6/nobackup/archive/data/Kreyol-MT/djk-eng/val.djk-eng.djk
Reading all lines from /home/hatch5o6/nobackup/archive/data/Kreyol-MT/djk-eng/val.djk-eng.eng
Making unique: ('djk', 'en')
	Before unique: 585
	After unique: 585
DATA MAX_SIZE = 585
RAW DATA SIZE: 585
UPSAMPLED SIZE: 585
RETURNING SRC PATHS ['/home/hatch5o6/nobackup/archive/data/Kreyol-MT/djk-eng/val.djk-eng.djk']
RETURNING TGT PATHS ['/home/hatch5o6/nobackup/archive/data/Kreyol-MT/djk-eng/val.djk-eng.eng']
MultilingualDataset TOTAL PAIRS: 585
data_csv /home/hatch5o6/Cognate/code/NMT/data/djk-en_dev_test/test.csv
random seed: 525
MultilingualDataset READING CSV /home/hatch5o6/Cognate/code/NMT/data/djk-en_dev_test/test.csv
Reading all lines from /home/hatch5o6/nobackup/archive/data/Kreyol-MT/djk-eng/test.djk-eng.djk
Reading all lines from /home/hatch5o6/nobackup/archive/data/Kreyol-MT/djk-eng/test.djk-eng.eng
Making unique: ('djk', 'en')
	Before unique: 1180
	After unique: 1180
DATA MAX_SIZE = 1180
RAW DATA SIZE: 1180
UPSAMPLED SIZE: 1180
RETURNING SRC PATHS ['/home/hatch5o6/nobackup/archive/data/Kreyol-MT/djk-eng/test.djk-eng.djk']
RETURNING TGT PATHS ['/home/hatch5o6/nobackup/archive/data/Kreyol-MT/djk-eng/test.djk-eng.eng']
MultilingualDataset TOTAL PAIRS: 1180
data_csv /home/hatch5o6/Cognate/code/NMT/data/es-an/train.csv
random seed: 525
MultilingualDataset READING CSV /home/hatch5o6/Cognate/code/NMT/data/es-an/train.csv
Reading all lines from /home/hatch5o6/nobackup/archive/data/LRRomance/es-an/OpenSubtitles/cleaned/tgt.txt
Reading all lines from /home/hatch5o6/nobackup/archive/data/LRRomance/es-an/OpenSubtitles/cleaned/src.txt
Reading all lines from /home/hatch5o6/nobackup/archive/data/LRRomance/es-an/WikiMatrix/cleaned/tgt.txt
Reading all lines from /home/hatch5o6/nobackup/archive/data/LRRomance/es-an/WikiMatrix/cleaned/src.txt
Making unique: ('es', 'an')
	Before unique: 28594
	After unique: 28594
DATA MAX_SIZE = 28594
RAW DATA SIZE: 28594
UPSAMPLED SIZE: 28594
RETURNING SRC PATHS ['/home/hatch5o6/nobackup/archive/data/LRRomance/es-an/OpenSubtitles/cleaned/tgt.txt', '/home/hatch5o6/nobackup/archive/data/LRRomance/es-an/WikiMatrix/cleaned/tgt.txt']
RETURNING TGT PATHS ['/home/hatch5o6/nobackup/archive/data/LRRomance/es-an/OpenSubtitles/cleaned/src.txt', '/home/hatch5o6/nobackup/archive/data/LRRomance/es-an/WikiMatrix/cleaned/src.txt']
MultilingualDataset TOTAL PAIRS: 28594
data_csv /home/hatch5o6/Cognate/code/NMT/data/es-an_dev_test/val.csv
random seed: 525
MultilingualDataset READING CSV /home/hatch5o6/Cognate/code/NMT/data/es-an_dev_test/val.csv
Reading all lines from /home/hatch5o6/nobackup/archive/data/flores200_dataset/dev/spa_Latn.dev
Reading all lines from /home/hatch5o6/nobackup/archive/data/LRRomance/PILAR/FLORES+/dev/dev.arg_Latn
Making unique: ('es', 'an')
	Before unique: 997
	After unique: 997
DATA MAX_SIZE = 997
RAW DATA SIZE: 997
UPSAMPLED SIZE: 997
RETURNING SRC PATHS ['/home/hatch5o6/nobackup/archive/data/flores200_dataset/dev/spa_Latn.dev']
RETURNING TGT PATHS ['/home/hatch5o6/nobackup/archive/data/LRRomance/PILAR/FLORES+/dev/dev.arg_Latn']
MultilingualDataset TOTAL PAIRS: 997
data_csv /home/hatch5o6/Cognate/code/NMT/data/es-an_dev_test/test.csv
random seed: 525
MultilingualDataset READING CSV /home/hatch5o6/Cognate/code/NMT/data/es-an_dev_test/test.csv
Reading all lines from /home/hatch5o6/nobackup/archive/data/flores200_dataset/devtest/spa_Latn.devtest
Reading all lines from /home/hatch5o6/nobackup/archive/data/LRRomance/PILAR/FLORES+/devtest/devtest.arg_Latn
Making unique: ('es', 'an')
	Before unique: 1012
	After unique: 1012
DATA MAX_SIZE = 1012
RAW DATA SIZE: 1012
UPSAMPLED SIZE: 1012
RETURNING SRC PATHS ['/home/hatch5o6/nobackup/archive/data/flores200_dataset/devtest/spa_Latn.devtest']
RETURNING TGT PATHS ['/home/hatch5o6/nobackup/archive/data/LRRomance/PILAR/FLORES+/devtest/devtest.arg_Latn']
MultilingualDataset TOTAL PAIRS: 1012
data_csv /home/hatch5o6/Cognate/code/NMT/data/es-en/train.csv
random seed: 525
MultilingualDataset READING CSV /home/hatch5o6/Cognate/code/NMT/data/es-en/train.csv
Reading all lines from /home/hatch5o6/nobackup/archive/data/LRRomance/es-en/CCMatrix/fixed/cleaned/tgt.10M.txt
Reading all lines from /home/hatch5o6/nobackup/archive/data/LRRomance/es-en/CCMatrix/fixed/cleaned/src.10M.txt
Making unique: ('es', 'en')
	Before unique: 10000000
	After unique: 10000000
DATA MAX_SIZE = 10000000
RAW DATA SIZE: 10000000
UPSAMPLED SIZE: 10000000
RETURNING SRC PATHS ['/home/hatch5o6/nobackup/archive/data/LRRomance/es-en/CCMatrix/fixed/cleaned/tgt.10M.txt']
RETURNING TGT PATHS ['/home/hatch5o6/nobackup/archive/data/LRRomance/es-en/CCMatrix/fixed/cleaned/src.10M.txt']
MultilingualDataset TOTAL PAIRS: 10000000
data_csv /home/hatch5o6/Cognate/code/NMT/data/es-en_dev_test/val.csv
random seed: 525
MultilingualDataset READING CSV /home/hatch5o6/Cognate/code/NMT/data/es-en_dev_test/val.csv
Reading all lines from /home/hatch5o6/nobackup/archive/data/flores200_dataset/dev/spa_Latn.dev
Reading all lines from /home/hatch5o6/nobackup/archive/data/flores200_dataset/dev/eng_Latn.dev
Making unique: ('es', 'en')
	Before unique: 997
	After unique: 997
DATA MAX_SIZE = 997
RAW DATA SIZE: 997
UPSAMPLED SIZE: 997
RETURNING SRC PATHS ['/home/hatch5o6/nobackup/archive/data/flores200_dataset/dev/spa_Latn.dev']
RETURNING TGT PATHS ['/home/hatch5o6/nobackup/archive/data/flores200_dataset/dev/eng_Latn.dev']
MultilingualDataset TOTAL PAIRS: 997
data_csv /home/hatch5o6/Cognate/code/NMT/data/es-en_dev_test/test.csv
random seed: 525
MultilingualDataset READING CSV /home/hatch5o6/Cognate/code/NMT/data/es-en_dev_test/test.csv
Reading all lines from /home/hatch5o6/nobackup/archive/data/flores200_dataset/devtest/spa_Latn.devtest
Reading all lines from /home/hatch5o6/nobackup/archive/data/flores200_dataset/devtest/eng_Latn.devtest
Making unique: ('es', 'en')
	Before unique: 1012
	After unique: 1012
DATA MAX_SIZE = 1012
RAW DATA SIZE: 1012
UPSAMPLED SIZE: 1012
RETURNING SRC PATHS ['/home/hatch5o6/nobackup/archive/data/flores200_dataset/devtest/spa_Latn.devtest']
RETURNING TGT PATHS ['/home/hatch5o6/nobackup/archive/data/flores200_dataset/devtest/eng_Latn.devtest']
MultilingualDataset TOTAL PAIRS: 1012
data_csv /home/hatch5o6/Cognate/code/NMT/data/ewe-en/train.csv
random seed: 525
MultilingualDataset READING CSV /home/hatch5o6/Cognate/code/NMT/data/ewe-en/train.csv
Reading all lines from /home/hatch5o6/nobackup/archive/data/bible-uedin/ewe_en/cleaned/src.txt
Reading all lines from /home/hatch5o6/nobackup/archive/data/bible-uedin/ewe_en/cleaned/tgt.txt
Reading all lines from /home/hatch5o6/nobackup/archive/data/smol_gatitos/SMOLDOC/en-ee/cleaned/cleaned/tgt.txt
Reading all lines from /home/hatch5o6/nobackup/archive/data/smol_gatitos/SMOLDOC/en-ee/cleaned/cleaned/src.txt
Reading all lines from /home/hatch5o6/nobackup/archive/data/smol_gatitos/SMOLSENT/en-ee/cleaned/cleaned/tgt.txt
Reading all lines from /home/hatch5o6/nobackup/archive/data/smol_gatitos/SMOLSENT/en-ee/cleaned/cleaned/src.txt
Reading all lines from /home/hatch5o6/nobackup/archive/data/smol_gatitos/GATITOS/en-ee/ee.txt
Reading all lines from /home/hatch5o6/nobackup/archive/data/smol_gatitos/GATITOS/en-ee/en.txt
Making unique: ('ewe', 'en')
	Before unique: 22196
	After unique: 22196
DATA MAX_SIZE = 22196
RAW DATA SIZE: 22196
UPSAMPLED SIZE: 22196
RETURNING SRC PATHS ['/home/hatch5o6/nobackup/archive/data/bible-uedin/ewe_en/cleaned/src.txt', '/home/hatch5o6/nobackup/archive/data/smol_gatitos/SMOLDOC/en-ee/cleaned/cleaned/tgt.txt', '/home/hatch5o6/nobackup/archive/data/smol_gatitos/SMOLSENT/en-ee/cleaned/cleaned/tgt.txt', '/home/hatch5o6/nobackup/archive/data/smol_gatitos/GATITOS/en-ee/ee.txt']
RETURNING TGT PATHS ['/home/hatch5o6/nobackup/archive/data/bible-uedin/ewe_en/cleaned/tgt.txt', '/home/hatch5o6/nobackup/archive/data/smol_gatitos/SMOLDOC/en-ee/cleaned/cleaned/src.txt', '/home/hatch5o6/nobackup/archive/data/smol_gatitos/SMOLSENT/en-ee/cleaned/cleaned/src.txt', '/home/hatch5o6/nobackup/archive/data/smol_gatitos/GATITOS/en-ee/en.txt']
MultilingualDataset TOTAL PAIRS: 22196
data_csv /home/hatch5o6/Cognate/code/NMT/data/ewe-en_dev_test/val.csv
random seed: 525
MultilingualDataset READING CSV /home/hatch5o6/Cognate/code/NMT/data/ewe-en_dev_test/val.csv
Reading all lines from /home/hatch5o6/nobackup/archive/data/flores200_dataset/dev/ewe_Latn.dev
Reading all lines from /home/hatch5o6/nobackup/archive/data/flores200_dataset/dev/eng_Latn.dev
Making unique: ('ewe', 'en')
	Before unique: 997
	After unique: 997
DATA MAX_SIZE = 997
RAW DATA SIZE: 997
UPSAMPLED SIZE: 997
RETURNING SRC PATHS ['/home/hatch5o6/nobackup/archive/data/flores200_dataset/dev/ewe_Latn.dev']
RETURNING TGT PATHS ['/home/hatch5o6/nobackup/archive/data/flores200_dataset/dev/eng_Latn.dev']
MultilingualDataset TOTAL PAIRS: 997
data_csv /home/hatch5o6/Cognate/code/NMT/data/ewe-en_dev_test/test.csv
random seed: 525
MultilingualDataset READING CSV /home/hatch5o6/Cognate/code/NMT/data/ewe-en_dev_test/test.csv
Reading all lines from /home/hatch5o6/nobackup/archive/data/flores200_dataset/devtest/ewe_Latn.devtest
Reading all lines from /home/hatch5o6/nobackup/archive/data/flores200_dataset/devtest/eng_Latn.devtest
Making unique: ('ewe', 'en')
	Before unique: 1012
	After unique: 1012
DATA MAX_SIZE = 1012
RAW DATA SIZE: 1012
UPSAMPLED SIZE: 1012
RETURNING SRC PATHS ['/home/hatch5o6/nobackup/archive/data/flores200_dataset/devtest/ewe_Latn.devtest']
RETURNING TGT PATHS ['/home/hatch5o6/nobackup/archive/data/flores200_dataset/devtest/eng_Latn.devtest']
MultilingualDataset TOTAL PAIRS: 1012
data_csv /home/hatch5o6/Cognate/code/NMT/data/ewe-fon/train.csv
random seed: 525
MultilingualDataset READING CSV /home/hatch5o6/Cognate/code/NMT/data/ewe-fon/train.csv
Reading all lines from /home/hatch5o6/nobackup/archive/data/NLLB/ee_fon/cleaned/src.txt
Reading all lines from /home/hatch5o6/nobackup/archive/data/NLLB/ee_fon/cleaned/tgt.txt
Making unique: ('ewe', 'fon')
	Before unique: 72424
	After unique: 72424
DATA MAX_SIZE = 72424
RAW DATA SIZE: 72424
UPSAMPLED SIZE: 72424
RETURNING SRC PATHS ['/home/hatch5o6/nobackup/archive/data/NLLB/ee_fon/cleaned/src.txt']
RETURNING TGT PATHS ['/home/hatch5o6/nobackup/archive/data/NLLB/ee_fon/cleaned/tgt.txt']
MultilingualDataset TOTAL PAIRS: 72424
data_csv /home/hatch5o6/Cognate/code/NMT/data/ewe-fon_dev_test/val.csv
random seed: 525
MultilingualDataset READING CSV /home/hatch5o6/Cognate/code/NMT/data/ewe-fon_dev_test/val.csv
Reading all lines from /home/hatch5o6/nobackup/archive/data/flores200_dataset/dev/ewe_Latn.dev
Reading all lines from /home/hatch5o6/nobackup/archive/data/flores200_dataset/dev/fon_Latn.dev
Making unique: ('ewe', 'fon')
	Before unique: 997
	After unique: 997
DATA MAX_SIZE = 997
RAW DATA SIZE: 997
UPSAMPLED SIZE: 997
RETURNING SRC PATHS ['/home/hatch5o6/nobackup/archive/data/flores200_dataset/dev/ewe_Latn.dev']
RETURNING TGT PATHS ['/home/hatch5o6/nobackup/archive/data/flores200_dataset/dev/fon_Latn.dev']
MultilingualDataset TOTAL PAIRS: 997
data_csv /home/hatch5o6/Cognate/code/NMT/data/ewe-fon_dev_test/test.csv
random seed: 525
MultilingualDataset READING CSV /home/hatch5o6/Cognate/code/NMT/data/ewe-fon_dev_test/test.csv
Reading all lines from /home/hatch5o6/nobackup/archive/data/flores200_dataset/devtest/ewe_Latn.devtest
Reading all lines from /home/hatch5o6/nobackup/archive/data/flores200_dataset/devtest/fon_Latn.devtest
Making unique: ('ewe', 'fon')
	Before unique: 1012
	After unique: 1012
DATA MAX_SIZE = 1012
RAW DATA SIZE: 1012
UPSAMPLED SIZE: 1012
RETURNING SRC PATHS ['/home/hatch5o6/nobackup/archive/data/flores200_dataset/devtest/ewe_Latn.devtest']
RETURNING TGT PATHS ['/home/hatch5o6/nobackup/archive/data/flores200_dataset/devtest/fon_Latn.devtest']
MultilingualDataset TOTAL PAIRS: 1012
data_csv /home/hatch5o6/Cognate/code/NMT/data/ewe-fr/train.csv
random seed: 525
MultilingualDataset READING CSV /home/hatch5o6/Cognate/code/NMT/data/ewe-fr/train.csv
Reading all lines from /home/hatch5o6/nobackup/archive/data/polynews_parallel/fra_Latn-ewe_Latn/cleaned/cleaned/tgt.txt
Reading all lines from /home/hatch5o6/nobackup/archive/data/polynews_parallel/fra_Latn-ewe_Latn/cleaned/cleaned/src.txt
Reading all lines from /home/hatch5o6/nobackup/archive/data/NLLB/fr_ee/cleaned/src.txt
Reading all lines from /home/hatch5o6/nobackup/archive/data/NLLB/fr_ee/cleaned/tgt.txt
Making unique: ('ewe', 'fr')
	Before unique: 924526
	After unique: 924526
DATA MAX_SIZE = 924526
RAW DATA SIZE: 924526
UPSAMPLED SIZE: 924526
RETURNING SRC PATHS ['/home/hatch5o6/nobackup/archive/data/polynews_parallel/fra_Latn-ewe_Latn/cleaned/cleaned/tgt.txt', '/home/hatch5o6/nobackup/archive/data/NLLB/fr_ee/cleaned/src.txt']
RETURNING TGT PATHS ['/home/hatch5o6/nobackup/archive/data/polynews_parallel/fra_Latn-ewe_Latn/cleaned/cleaned/src.txt', '/home/hatch5o6/nobackup/archive/data/NLLB/fr_ee/cleaned/tgt.txt']
MultilingualDataset TOTAL PAIRS: 924526
data_csv /home/hatch5o6/Cognate/code/NMT/data/ewe-fr_dev_test/val.csv
random seed: 525
MultilingualDataset READING CSV /home/hatch5o6/Cognate/code/NMT/data/ewe-fr_dev_test/val.csv
Reading all lines from /home/hatch5o6/nobackup/archive/data/flores200_dataset/dev/ewe_Latn.dev
Reading all lines from /home/hatch5o6/nobackup/archive/data/flores200_dataset/dev/fra_Latn.dev
Making unique: ('ewe', 'fr')
	Before unique: 997
	After unique: 997
DATA MAX_SIZE = 997
RAW DATA SIZE: 997
UPSAMPLED SIZE: 997
RETURNING SRC PATHS ['/home/hatch5o6/nobackup/archive/data/flores200_dataset/dev/ewe_Latn.dev']
RETURNING TGT PATHS ['/home/hatch5o6/nobackup/archive/data/flores200_dataset/dev/fra_Latn.dev']
MultilingualDataset TOTAL PAIRS: 997
data_csv /home/hatch5o6/Cognate/code/NMT/data/ewe-fr_dev_test/test.csv
random seed: 525
MultilingualDataset READING CSV /home/hatch5o6/Cognate/code/NMT/data/ewe-fr_dev_test/test.csv
Reading all lines from /home/hatch5o6/nobackup/archive/data/flores200_dataset/devtest/ewe_Latn.devtest
Reading all lines from /home/hatch5o6/nobackup/archive/data/flores200_dataset/devtest/fra_Latn.devtest
Making unique: ('ewe', 'fr')
	Before unique: 1012
	After unique: 1012
DATA MAX_SIZE = 1012
RAW DATA SIZE: 1012
UPSAMPLED SIZE: 1012
RETURNING SRC PATHS ['/home/hatch5o6/nobackup/archive/data/flores200_dataset/devtest/ewe_Latn.devtest']
RETURNING TGT PATHS ['/home/hatch5o6/nobackup/archive/data/flores200_dataset/devtest/fra_Latn.devtest']
MultilingualDataset TOTAL PAIRS: 1012
data_csv /home/hatch5o6/Cognate/code/NMT/data/fon-en/train.csv
random seed: 525
MultilingualDataset READING CSV /home/hatch5o6/Cognate/code/NMT/data/fon-en/train.csv
Reading all lines from /home/hatch5o6/nobackup/archive/data/NLLB/en_fon/cleaned/tgt.txt
Reading all lines from /home/hatch5o6/nobackup/archive/data/NLLB/en_fon/cleaned/src.txt
Reading all lines from /home/hatch5o6/nobackup/archive/data/smol_gatitos/SMOLDOC/en-fon/cleaned/cleaned/tgt.txt
Reading all lines from /home/hatch5o6/nobackup/archive/data/smol_gatitos/SMOLDOC/en-fon/cleaned/cleaned/src.txt
Reading all lines from /home/hatch5o6/nobackup/archive/data/smol_gatitos/SMOLSENT/en-fon/cleaned/cleaned/tgt.txt
Reading all lines from /home/hatch5o6/nobackup/archive/data/smol_gatitos/SMOLSENT/en-fon/cleaned/cleaned/src.txt
Making unique: ('fon', 'en')
	Before unique: 1788439
	After unique: 1788439
DATA MAX_SIZE = 1788439
RAW DATA SIZE: 1788439
UPSAMPLED SIZE: 1788439
RETURNING SRC PATHS ['/home/hatch5o6/nobackup/archive/data/NLLB/en_fon/cleaned/tgt.txt', '/home/hatch5o6/nobackup/archive/data/smol_gatitos/SMOLDOC/en-fon/cleaned/cleaned/tgt.txt', '/home/hatch5o6/nobackup/archive/data/smol_gatitos/SMOLSENT/en-fon/cleaned/cleaned/tgt.txt']
RETURNING TGT PATHS ['/home/hatch5o6/nobackup/archive/data/NLLB/en_fon/cleaned/src.txt', '/home/hatch5o6/nobackup/archive/data/smol_gatitos/SMOLDOC/en-fon/cleaned/cleaned/src.txt', '/home/hatch5o6/nobackup/archive/data/smol_gatitos/SMOLSENT/en-fon/cleaned/cleaned/src.txt']
MultilingualDataset TOTAL PAIRS: 1788439
data_csv /home/hatch5o6/Cognate/code/NMT/data/fon-en_dev_test/val.csv
random seed: 525
MultilingualDataset READING CSV /home/hatch5o6/Cognate/code/NMT/data/fon-en_dev_test/val.csv
Reading all lines from /home/hatch5o6/nobackup/archive/data/flores200_dataset/dev/fon_Latn.dev
Reading all lines from /home/hatch5o6/nobackup/archive/data/flores200_dataset/dev/eng_Latn.dev
Making unique: ('fon', 'en')
	Before unique: 997
	After unique: 997
DATA MAX_SIZE = 997
RAW DATA SIZE: 997
UPSAMPLED SIZE: 997
RETURNING SRC PATHS ['/home/hatch5o6/nobackup/archive/data/flores200_dataset/dev/fon_Latn.dev']
RETURNING TGT PATHS ['/home/hatch5o6/nobackup/archive/data/flores200_dataset/dev/eng_Latn.dev']
MultilingualDataset TOTAL PAIRS: 997
data_csv /home/hatch5o6/Cognate/code/NMT/data/fon-en_dev_test/test.csv
random seed: 525
MultilingualDataset READING CSV /home/hatch5o6/Cognate/code/NMT/data/fon-en_dev_test/test.csv
Reading all lines from /home/hatch5o6/nobackup/archive/data/flores200_dataset/devtest/fon_Latn.devtest
Reading all lines from /home/hatch5o6/nobackup/archive/data/flores200_dataset/devtest/eng_Latn.devtest
Making unique: ('fon', 'en')
	Before unique: 1012
	After unique: 1012
DATA MAX_SIZE = 1012
RAW DATA SIZE: 1012
UPSAMPLED SIZE: 1012
RETURNING SRC PATHS ['/home/hatch5o6/nobackup/archive/data/flores200_dataset/devtest/fon_Latn.devtest']
RETURNING TGT PATHS ['/home/hatch5o6/nobackup/archive/data/flores200_dataset/devtest/eng_Latn.devtest']
MultilingualDataset TOTAL PAIRS: 1012
data_csv /home/hatch5o6/Cognate/code/NMT/data/fon-ewe/train.csv
random seed: 525
MultilingualDataset READING CSV /home/hatch5o6/Cognate/code/NMT/data/fon-ewe/train.csv
Reading all lines from /home/hatch5o6/nobackup/archive/data/NLLB/ee_fon/cleaned/tgt.txt
Reading all lines from /home/hatch5o6/nobackup/archive/data/NLLB/ee_fon/cleaned/src.txt
Making unique: ('fon', 'ewe')
	Before unique: 72424
	After unique: 72424
DATA MAX_SIZE = 72424
RAW DATA SIZE: 72424
UPSAMPLED SIZE: 72424
RETURNING SRC PATHS ['/home/hatch5o6/nobackup/archive/data/NLLB/ee_fon/cleaned/tgt.txt']
RETURNING TGT PATHS ['/home/hatch5o6/nobackup/archive/data/NLLB/ee_fon/cleaned/src.txt']
MultilingualDataset TOTAL PAIRS: 72424
data_csv /home/hatch5o6/Cognate/code/NMT/data/fon-ewe_dev_test/val.csv
random seed: 525
MultilingualDataset READING CSV /home/hatch5o6/Cognate/code/NMT/data/fon-ewe_dev_test/val.csv
Reading all lines from /home/hatch5o6/nobackup/archive/data/flores200_dataset/dev/fon_Latn.dev
Reading all lines from /home/hatch5o6/nobackup/archive/data/flores200_dataset/dev/ewe_Latn.dev
Making unique: ('fon', 'ewe')
	Before unique: 997
	After unique: 997
DATA MAX_SIZE = 997
RAW DATA SIZE: 997
UPSAMPLED SIZE: 997
RETURNING SRC PATHS ['/home/hatch5o6/nobackup/archive/data/flores200_dataset/dev/fon_Latn.dev']
RETURNING TGT PATHS ['/home/hatch5o6/nobackup/archive/data/flores200_dataset/dev/ewe_Latn.dev']
MultilingualDataset TOTAL PAIRS: 997
data_csv /home/hatch5o6/Cognate/code/NMT/data/fon-ewe_dev_test/test.csv
random seed: 525
MultilingualDataset READING CSV /home/hatch5o6/Cognate/code/NMT/data/fon-ewe_dev_test/test.csv
Reading all lines from /home/hatch5o6/nobackup/archive/data/flores200_dataset/devtest/fon_Latn.devtest
Reading all lines from /home/hatch5o6/nobackup/archive/data/flores200_dataset/devtest/ewe_Latn.devtest
Making unique: ('fon', 'ewe')
	Before unique: 1012
	After unique: 1012
DATA MAX_SIZE = 1012
RAW DATA SIZE: 1012
UPSAMPLED SIZE: 1012
RETURNING SRC PATHS ['/home/hatch5o6/nobackup/archive/data/flores200_dataset/devtest/fon_Latn.devtest']
RETURNING TGT PATHS ['/home/hatch5o6/nobackup/archive/data/flores200_dataset/devtest/ewe_Latn.devtest']
MultilingualDataset TOTAL PAIRS: 1012
data_csv /home/hatch5o6/Cognate/code/NMT/data/fon-fr/train.csv
random seed: 525
MultilingualDataset READING CSV /home/hatch5o6/Cognate/code/NMT/data/fon-fr/train.csv
Reading all lines from /home/hatch5o6/nobackup/archive/data/polynews_parallel/fra_Latn-fon_Latn/cleaned/cleaned/tgt.txt
Reading all lines from /home/hatch5o6/nobackup/archive/data/polynews_parallel/fra_Latn-fon_Latn/cleaned/cleaned/src.txt
Reading all lines from /home/hatch5o6/nobackup/archive/data/NLLB/fr_fon/cleaned/src.txt
Reading all lines from /home/hatch5o6/nobackup/archive/data/NLLB/fr_fon/cleaned/tgt.txt
Reading all lines from /home/hatch5o6/nobackup/archive/data/FFR/fr_fon/cleaned/src.txt
Reading all lines from /home/hatch5o6/nobackup/archive/data/FFR/fr_fon/cleaned/tgt.txt
Reading all lines from /home/hatch5o6/nobackup/archive/data/FonFrenchDailyDialogue/cleaned/cleaned/tgt.txt
Reading all lines from /home/hatch5o6/nobackup/archive/data/FonFrenchDailyDialogue/cleaned/cleaned/src.txt
Making unique: ('fon', 'fr')
	Before unique: 543482
	After unique: 525384
DATA MAX_SIZE = 525384
RAW DATA SIZE: 525384
UPSAMPLED SIZE: 525384
RETURNING SRC PATHS ['/home/hatch5o6/nobackup/archive/data/polynews_parallel/fra_Latn-fon_Latn/cleaned/cleaned/tgt.txt', '/home/hatch5o6/nobackup/archive/data/NLLB/fr_fon/cleaned/src.txt', '/home/hatch5o6/nobackup/archive/data/FFR/fr_fon/cleaned/src.txt', '/home/hatch5o6/nobackup/archive/data/FonFrenchDailyDialogue/cleaned/cleaned/tgt.txt']
RETURNING TGT PATHS ['/home/hatch5o6/nobackup/archive/data/polynews_parallel/fra_Latn-fon_Latn/cleaned/cleaned/src.txt', '/home/hatch5o6/nobackup/archive/data/NLLB/fr_fon/cleaned/tgt.txt', '/home/hatch5o6/nobackup/archive/data/FFR/fr_fon/cleaned/tgt.txt', '/home/hatch5o6/nobackup/archive/data/FonFrenchDailyDialogue/cleaned/cleaned/src.txt']
MultilingualDataset TOTAL PAIRS: 525384
data_csv /home/hatch5o6/Cognate/code/NMT/data/fon-fr_dev_test/val.csv
random seed: 525
MultilingualDataset READING CSV /home/hatch5o6/Cognate/code/NMT/data/fon-fr_dev_test/val.csv
Reading all lines from /home/hatch5o6/nobackup/archive/data/flores200_dataset/dev/fon_Latn.dev
Reading all lines from /home/hatch5o6/nobackup/archive/data/flores200_dataset/dev/fra_Latn.dev
Making unique: ('fon', 'fr')
	Before unique: 997
	After unique: 997
DATA MAX_SIZE = 997
RAW DATA SIZE: 997
UPSAMPLED SIZE: 997
RETURNING SRC PATHS ['/home/hatch5o6/nobackup/archive/data/flores200_dataset/dev/fon_Latn.dev']
RETURNING TGT PATHS ['/home/hatch5o6/nobackup/archive/data/flores200_dataset/dev/fra_Latn.dev']
MultilingualDataset TOTAL PAIRS: 997
data_csv /home/hatch5o6/Cognate/code/NMT/data/fon-fr_dev_test/test.csv
random seed: 525
MultilingualDataset READING CSV /home/hatch5o6/Cognate/code/NMT/data/fon-fr_dev_test/test.csv
Reading all lines from /home/hatch5o6/nobackup/archive/data/flores200_dataset/devtest/fon_Latn.devtest
Reading all lines from /home/hatch5o6/nobackup/archive/data/flores200_dataset/devtest/fra_Latn.devtest
Making unique: ('fon', 'fr')
	Before unique: 1012
	After unique: 1012
DATA MAX_SIZE = 1012
RAW DATA SIZE: 1012
UPSAMPLED SIZE: 1012
RETURNING SRC PATHS ['/home/hatch5o6/nobackup/archive/data/flores200_dataset/devtest/fon_Latn.devtest']
RETURNING TGT PATHS ['/home/hatch5o6/nobackup/archive/data/flores200_dataset/devtest/fra_Latn.devtest']
MultilingualDataset TOTAL PAIRS: 1012
data_csv /home/hatch5o6/Cognate/code/NMT/data/fr-en/train.csv
random seed: 525
MultilingualDataset READING CSV /home/hatch5o6/Cognate/code/NMT/data/fr-en/train.csv
Reading all lines from /home/hatch5o6/nobackup/archive/data/CCMatrix_fr_en/fixed/stitched/cleaned/tgt.10M.txt
Reading all lines from /home/hatch5o6/nobackup/archive/data/CCMatrix_fr_en/fixed/stitched/cleaned/src.10M.txt
Making unique: ('fr', 'en')
	Before unique: 10000000
	After unique: 10000000
DATA MAX_SIZE = 10000000
RAW DATA SIZE: 10000000
UPSAMPLED SIZE: 10000000
RETURNING SRC PATHS ['/home/hatch5o6/nobackup/archive/data/CCMatrix_fr_en/fixed/stitched/cleaned/tgt.10M.txt']
RETURNING TGT PATHS ['/home/hatch5o6/nobackup/archive/data/CCMatrix_fr_en/fixed/stitched/cleaned/src.10M.txt']
MultilingualDataset TOTAL PAIRS: 10000000
data_csv /home/hatch5o6/Cognate/code/NMT/data/fr-en_dev_test/val.csv
random seed: 525
MultilingualDataset READING CSV /home/hatch5o6/Cognate/code/NMT/data/fr-en_dev_test/val.csv
Reading all lines from /home/hatch5o6/nobackup/archive/data/flores200_dataset/dev/fra_Latn.dev
Reading all lines from /home/hatch5o6/nobackup/archive/data/flores200_dataset/dev/eng_Latn.dev
Making unique: ('fr', 'en')
	Before unique: 997
	After unique: 997
DATA MAX_SIZE = 997
RAW DATA SIZE: 997
UPSAMPLED SIZE: 997
RETURNING SRC PATHS ['/home/hatch5o6/nobackup/archive/data/flores200_dataset/dev/fra_Latn.dev']
RETURNING TGT PATHS ['/home/hatch5o6/nobackup/archive/data/flores200_dataset/dev/eng_Latn.dev']
MultilingualDataset TOTAL PAIRS: 997
data_csv /home/hatch5o6/Cognate/code/NMT/data/fr-en_dev_test/test.csv
random seed: 525
MultilingualDataset READING CSV /home/hatch5o6/Cognate/code/NMT/data/fr-en_dev_test/test.csv
Reading all lines from /home/hatch5o6/nobackup/archive/data/flores200_dataset/devtest/fra_Latn.devtest
Reading all lines from /home/hatch5o6/nobackup/archive/data/flores200_dataset/devtest/eng_Latn.devtest
Making unique: ('fr', 'en')
	Before unique: 1012
	After unique: 1012
DATA MAX_SIZE = 1012
RAW DATA SIZE: 1012
UPSAMPLED SIZE: 1012
RETURNING SRC PATHS ['/home/hatch5o6/nobackup/archive/data/flores200_dataset/devtest/fra_Latn.devtest']
RETURNING TGT PATHS ['/home/hatch5o6/nobackup/archive/data/flores200_dataset/devtest/eng_Latn.devtest']
MultilingualDataset TOTAL PAIRS: 1012
data_csv /home/hatch5o6/Cognate/code/NMT/data/fr-mfe/train.csv
random seed: 525
MultilingualDataset READING CSV /home/hatch5o6/Cognate/code/NMT/data/fr-mfe/train.csv
Reading all lines from /home/hatch5o6/nobackup/archive/data/Kreyol-MT/mfe-fra/train.mfe-fra.fra
Reading all lines from /home/hatch5o6/nobackup/archive/data/Kreyol-MT/mfe-fra/train.mfe-fra.mfe
Making unique: ('fr', 'mfe')
	Before unique: 13327
	After unique: 13327
DATA MAX_SIZE = 13327
RAW DATA SIZE: 13327
UPSAMPLED SIZE: 13327
RETURNING SRC PATHS ['/home/hatch5o6/nobackup/archive/data/Kreyol-MT/mfe-fra/train.mfe-fra.fra']
RETURNING TGT PATHS ['/home/hatch5o6/nobackup/archive/data/Kreyol-MT/mfe-fra/train.mfe-fra.mfe']
MultilingualDataset TOTAL PAIRS: 13327
data_csv /home/hatch5o6/Cognate/code/NMT/data/fr-mfe_dev_test/val.csv
random seed: 525
MultilingualDataset READING CSV /home/hatch5o6/Cognate/code/NMT/data/fr-mfe_dev_test/val.csv
Reading all lines from /home/hatch5o6/nobackup/archive/data/Kreyol-MT/mfe-fra/val.mfe-fra.fra
Reading all lines from /home/hatch5o6/nobackup/archive/data/Kreyol-MT/mfe-fra/val.mfe-fra.mfe
Making unique: ('fr', 'mfe')
	Before unique: 148
	After unique: 148
DATA MAX_SIZE = 148
RAW DATA SIZE: 148
UPSAMPLED SIZE: 148
RETURNING SRC PATHS ['/home/hatch5o6/nobackup/archive/data/Kreyol-MT/mfe-fra/val.mfe-fra.fra']
RETURNING TGT PATHS ['/home/hatch5o6/nobackup/archive/data/Kreyol-MT/mfe-fra/val.mfe-fra.mfe']
MultilingualDataset TOTAL PAIRS: 148
data_csv /home/hatch5o6/Cognate/code/NMT/data/fr-mfe_dev_test/test.csv
random seed: 525
MultilingualDataset READING CSV /home/hatch5o6/Cognate/code/NMT/data/fr-mfe_dev_test/test.csv
Reading all lines from /home/hatch5o6/nobackup/archive/data/Kreyol-MT/mfe-fra/test.mfe-fra.fra
Reading all lines from /home/hatch5o6/nobackup/archive/data/Kreyol-MT/mfe-fra/test.mfe-fra.mfe
Making unique: ('fr', 'mfe')
	Before unique: 312
	After unique: 312
DATA MAX_SIZE = 312
RAW DATA SIZE: 312
UPSAMPLED SIZE: 312
RETURNING SRC PATHS ['/home/hatch5o6/nobackup/archive/data/Kreyol-MT/mfe-fra/test.mfe-fra.fra']
RETURNING TGT PATHS ['/home/hatch5o6/nobackup/archive/data/Kreyol-MT/mfe-fra/test.mfe-fra.mfe']
MultilingualDataset TOTAL PAIRS: 312
data_csv /home/hatch5o6/Cognate/code/NMT/data/hi-as/train.csv
random seed: 525
MultilingualDataset READING CSV /home/hatch5o6/Cognate/code/NMT/data/hi-as/train.csv
Reading all lines from /home/hatch5o6/nobackup/archive/data/NLLB/as_hi/cleaned/tgt.txt
Reading all lines from /home/hatch5o6/nobackup/archive/data/NLLB/as_hi/cleaned/src.txt
Making unique: ('hi', 'as')
	Before unique: 478962
	After unique: 478962
DATA MAX_SIZE = 478962
RAW DATA SIZE: 478962
UPSAMPLED SIZE: 478962
RETURNING SRC PATHS ['/home/hatch5o6/nobackup/archive/data/NLLB/as_hi/cleaned/tgt.txt']
RETURNING TGT PATHS ['/home/hatch5o6/nobackup/archive/data/NLLB/as_hi/cleaned/src.txt']
MultilingualDataset TOTAL PAIRS: 478962
data_csv /home/hatch5o6/Cognate/code/NMT/data/hi-as_dev_test/val.csv
random seed: 525
MultilingualDataset READING CSV /home/hatch5o6/Cognate/code/NMT/data/hi-as_dev_test/val.csv
Reading all lines from /home/hatch5o6/nobackup/archive/data/flores200_dataset/dev/hin_Deva.dev
Reading all lines from /home/hatch5o6/nobackup/archive/data/flores200_dataset/dev/asm_Beng.dev
Making unique: ('hi', 'as')
	Before unique: 997
	After unique: 997
DATA MAX_SIZE = 997
RAW DATA SIZE: 997
UPSAMPLED SIZE: 997
RETURNING SRC PATHS ['/home/hatch5o6/nobackup/archive/data/flores200_dataset/dev/hin_Deva.dev']
RETURNING TGT PATHS ['/home/hatch5o6/nobackup/archive/data/flores200_dataset/dev/asm_Beng.dev']
MultilingualDataset TOTAL PAIRS: 997
data_csv /home/hatch5o6/Cognate/code/NMT/data/hi-as_dev_test/test.csv
random seed: 525
MultilingualDataset READING CSV /home/hatch5o6/Cognate/code/NMT/data/hi-as_dev_test/test.csv
Reading all lines from /home/hatch5o6/nobackup/archive/data/flores200_dataset/devtest/hin_Deva.devtest
Reading all lines from /home/hatch5o6/nobackup/archive/data/flores200_dataset/devtest/asm_Beng.devtest
Making unique: ('hi', 'as')
	Before unique: 1012
	After unique: 1012
DATA MAX_SIZE = 1012
RAW DATA SIZE: 1012
UPSAMPLED SIZE: 1012
RETURNING SRC PATHS ['/home/hatch5o6/nobackup/archive/data/flores200_dataset/devtest/hin_Deva.devtest']
RETURNING TGT PATHS ['/home/hatch5o6/nobackup/archive/data/flores200_dataset/devtest/asm_Beng.devtest']
MultilingualDataset TOTAL PAIRS: 1012
data_csv /home/hatch5o6/Cognate/code/NMT/data/hi-bho/train.csv
random seed: 525
MultilingualDataset READING CSV /home/hatch5o6/Cognate/code/NMT/data/hi-bho/train.csv
Reading all lines from /home/hatch5o6/nobackup/archive/data/NLLB/bho_hi/cleaned/tgt.txt
Reading all lines from /home/hatch5o6/nobackup/archive/data/NLLB/bho_hi/cleaned/src.txt
Making unique: ('hi', 'bho')
	Before unique: 345722
	After unique: 345722
DATA MAX_SIZE = 345722
RAW DATA SIZE: 345722
UPSAMPLED SIZE: 345722
RETURNING SRC PATHS ['/home/hatch5o6/nobackup/archive/data/NLLB/bho_hi/cleaned/tgt.txt']
RETURNING TGT PATHS ['/home/hatch5o6/nobackup/archive/data/NLLB/bho_hi/cleaned/src.txt']
MultilingualDataset TOTAL PAIRS: 345722
data_csv /home/hatch5o6/Cognate/code/NMT/data/hi-bho_dev_test/val.csv
random seed: 525
MultilingualDataset READING CSV /home/hatch5o6/Cognate/code/NMT/data/hi-bho_dev_test/val.csv
Reading all lines from /home/hatch5o6/nobackup/archive/data/flores200_dataset/dev/hin_Deva.dev
Reading all lines from /home/hatch5o6/nobackup/archive/data/flores200_dataset/dev/bho_Deva.dev
Making unique: ('hi', 'bho')
	Before unique: 997
	After unique: 997
DATA MAX_SIZE = 997
RAW DATA SIZE: 997
UPSAMPLED SIZE: 997
RETURNING SRC PATHS ['/home/hatch5o6/nobackup/archive/data/flores200_dataset/dev/hin_Deva.dev']
RETURNING TGT PATHS ['/home/hatch5o6/nobackup/archive/data/flores200_dataset/dev/bho_Deva.dev']
MultilingualDataset TOTAL PAIRS: 997
data_csv /home/hatch5o6/Cognate/code/NMT/data/hi-bho_dev_test/test.csv
random seed: 525
MultilingualDataset READING CSV /home/hatch5o6/Cognate/code/NMT/data/hi-bho_dev_test/test.csv
Reading all lines from /home/hatch5o6/nobackup/archive/data/flores200_dataset/devtest/hin_Deva.devtest
Reading all lines from /home/hatch5o6/nobackup/archive/data/flores200_dataset/devtest/bho_Deva.devtest
Making unique: ('hi', 'bho')
	Before unique: 1012
	After unique: 1012
DATA MAX_SIZE = 1012
RAW DATA SIZE: 1012
UPSAMPLED SIZE: 1012
RETURNING SRC PATHS ['/home/hatch5o6/nobackup/archive/data/flores200_dataset/devtest/hin_Deva.devtest']
RETURNING TGT PATHS ['/home/hatch5o6/nobackup/archive/data/flores200_dataset/devtest/bho_Deva.devtest']
MultilingualDataset TOTAL PAIRS: 1012
data_csv /home/hatch5o6/Cognate/code/NMT/data/hsb-de/train.csv
random seed: 525
MultilingualDataset READING CSV /home/hatch5o6/Cognate/code/NMT/data/hsb-de/train.csv
Reading all lines from /home/hatch5o6/nobackup/archive/data/WMT2021/train/cleaned/cleaned/src.txt
Reading all lines from /home/hatch5o6/nobackup/archive/data/WMT2021/train/cleaned/cleaned/tgt.txt
Making unique: ('hsb', 'de')
	Before unique: 58472
	After unique: 58472
DATA MAX_SIZE = 58472
RAW DATA SIZE: 58472
UPSAMPLED SIZE: 58472
RETURNING SRC PATHS ['/home/hatch5o6/nobackup/archive/data/WMT2021/train/cleaned/cleaned/src.txt']
RETURNING TGT PATHS ['/home/hatch5o6/nobackup/archive/data/WMT2021/train/cleaned/cleaned/tgt.txt']
MultilingualDataset TOTAL PAIRS: 58472
data_csv /home/hatch5o6/Cognate/code/NMT/data/hsb-de_dev_test/val.csv
random seed: 525
MultilingualDataset READING CSV /home/hatch5o6/Cognate/code/NMT/data/hsb-de_dev_test/val.csv
Reading all lines from /home/hatch5o6/nobackup/archive/data/WMT2021/devtest/devel.hsb-de.hsb
Reading all lines from /home/hatch5o6/nobackup/archive/data/WMT2021/devtest/devel.hsb-de.de
Making unique: ('hsb', 'de')
	Before unique: 2000
	After unique: 2000
DATA MAX_SIZE = 2000
RAW DATA SIZE: 2000
UPSAMPLED SIZE: 2000
RETURNING SRC PATHS ['/home/hatch5o6/nobackup/archive/data/WMT2021/devtest/devel.hsb-de.hsb']
RETURNING TGT PATHS ['/home/hatch5o6/nobackup/archive/data/WMT2021/devtest/devel.hsb-de.de']
MultilingualDataset TOTAL PAIRS: 2000
data_csv /home/hatch5o6/Cognate/code/NMT/data/hsb-de_dev_test/test.csv
random seed: 525
MultilingualDataset READING CSV /home/hatch5o6/Cognate/code/NMT/data/hsb-de_dev_test/test.csv
Reading all lines from /home/hatch5o6/nobackup/archive/data/WMT2021/devtest/devel_test.hsb-de.hsb
Reading all lines from /home/hatch5o6/nobackup/archive/data/WMT2021/devtest/devel_test.hsb-de.de
Making unique: ('hsb', 'de')
	Before unique: 2000
	After unique: 2000
DATA MAX_SIZE = 2000
RAW DATA SIZE: 2000
UPSAMPLED SIZE: 2000
RETURNING SRC PATHS ['/home/hatch5o6/nobackup/archive/data/WMT2021/devtest/devel_test.hsb-de.hsb']
RETURNING TGT PATHS ['/home/hatch5o6/nobackup/archive/data/WMT2021/devtest/devel_test.hsb-de.de']
MultilingualDataset TOTAL PAIRS: 2000
data_csv /home/hatch5o6/Cognate/code/NMT/data/lua-bem/train.csv
random seed: 525
MultilingualDataset READING CSV /home/hatch5o6/Cognate/code/NMT/data/lua-bem/train.csv
Reading all lines from /home/hatch5o6/nobackup/archive/data/NLLB/lua_bem/cleaned/tgt.txt
Reading all lines from /home/hatch5o6/nobackup/archive/data/NLLB/lua_bem/cleaned/src.txt
Making unique: ('lua', 'bem')
	Before unique: 115432
	After unique: 115432
DATA MAX_SIZE = 115432
RAW DATA SIZE: 115432
UPSAMPLED SIZE: 115432
RETURNING SRC PATHS ['/home/hatch5o6/nobackup/archive/data/NLLB/lua_bem/cleaned/tgt.txt']
RETURNING TGT PATHS ['/home/hatch5o6/nobackup/archive/data/NLLB/lua_bem/cleaned/src.txt']
MultilingualDataset TOTAL PAIRS: 115432
data_csv /home/hatch5o6/Cognate/code/NMT/data/lua-bem_dev_test/val.csv
random seed: 525
MultilingualDataset READING CSV /home/hatch5o6/Cognate/code/NMT/data/lua-bem_dev_test/val.csv
Reading all lines from /home/hatch5o6/nobackup/archive/data/flores200_dataset/dev/lua_Latn.dev
Reading all lines from /home/hatch5o6/nobackup/archive/data/flores200_dataset/dev/bem_Latn.dev
Making unique: ('lua', 'bem')
	Before unique: 997
	After unique: 997
DATA MAX_SIZE = 997
RAW DATA SIZE: 997
UPSAMPLED SIZE: 997
RETURNING SRC PATHS ['/home/hatch5o6/nobackup/archive/data/flores200_dataset/dev/lua_Latn.dev']
RETURNING TGT PATHS ['/home/hatch5o6/nobackup/archive/data/flores200_dataset/dev/bem_Latn.dev']
MultilingualDataset TOTAL PAIRS: 997
data_csv /home/hatch5o6/Cognate/code/NMT/data/lua-bem_dev_test/test.csv
random seed: 525
MultilingualDataset READING CSV /home/hatch5o6/Cognate/code/NMT/data/lua-bem_dev_test/test.csv
Reading all lines from /home/hatch5o6/nobackup/archive/data/flores200_dataset/devtest/lua_Latn.devtest
Reading all lines from /home/hatch5o6/nobackup/archive/data/flores200_dataset/devtest/bem_Latn.devtest
Making unique: ('lua', 'bem')
	Before unique: 1012
	After unique: 1012
DATA MAX_SIZE = 1012
RAW DATA SIZE: 1012
UPSAMPLED SIZE: 1012
RETURNING SRC PATHS ['/home/hatch5o6/nobackup/archive/data/flores200_dataset/devtest/lua_Latn.devtest']
RETURNING TGT PATHS ['/home/hatch5o6/nobackup/archive/data/flores200_dataset/devtest/bem_Latn.devtest']
MultilingualDataset TOTAL PAIRS: 1012
data_csv /home/hatch5o6/Cognate/code/NMT/data/lua-en/train.csv
random seed: 525
MultilingualDataset READING CSV /home/hatch5o6/Cognate/code/NMT/data/lua-en/train.csv
Reading all lines from /home/hatch5o6/nobackup/archive/data/NLLB/lua_en/cleaned/tgt.txt
Reading all lines from /home/hatch5o6/nobackup/archive/data/NLLB/lua_en/cleaned/src.txt
Making unique: ('lua', 'en')
	Before unique: 2065546
	After unique: 2065546
DATA MAX_SIZE = 2065546
RAW DATA SIZE: 2065546
UPSAMPLED SIZE: 2065546
RETURNING SRC PATHS ['/home/hatch5o6/nobackup/archive/data/NLLB/lua_en/cleaned/tgt.txt']
RETURNING TGT PATHS ['/home/hatch5o6/nobackup/archive/data/NLLB/lua_en/cleaned/src.txt']
MultilingualDataset TOTAL PAIRS: 2065546
data_csv /home/hatch5o6/Cognate/code/NMT/data/lua-en_dev_test/val.csv
random seed: 525
MultilingualDataset READING CSV /home/hatch5o6/Cognate/code/NMT/data/lua-en_dev_test/val.csv
Reading all lines from /home/hatch5o6/nobackup/archive/data/flores200_dataset/dev/lua_Latn.dev
Reading all lines from /home/hatch5o6/nobackup/archive/data/flores200_dataset/dev/eng_Latn.dev
Making unique: ('lua', 'en')
	Before unique: 997
	After unique: 997
DATA MAX_SIZE = 997
RAW DATA SIZE: 997
UPSAMPLED SIZE: 997
RETURNING SRC PATHS ['/home/hatch5o6/nobackup/archive/data/flores200_dataset/dev/lua_Latn.dev']
RETURNING TGT PATHS ['/home/hatch5o6/nobackup/archive/data/flores200_dataset/dev/eng_Latn.dev']
MultilingualDataset TOTAL PAIRS: 997
data_csv /home/hatch5o6/Cognate/code/NMT/data/lua-en_dev_test/test.csv
random seed: 525
MultilingualDataset READING CSV /home/hatch5o6/Cognate/code/NMT/data/lua-en_dev_test/test.csv
Reading all lines from /home/hatch5o6/nobackup/archive/data/flores200_dataset/devtest/lua_Latn.devtest
Reading all lines from /home/hatch5o6/nobackup/archive/data/flores200_dataset/devtest/eng_Latn.devtest
Making unique: ('lua', 'en')
	Before unique: 1012
	After unique: 1012
DATA MAX_SIZE = 1012
RAW DATA SIZE: 1012
UPSAMPLED SIZE: 1012
RETURNING SRC PATHS ['/home/hatch5o6/nobackup/archive/data/flores200_dataset/devtest/lua_Latn.devtest']
RETURNING TGT PATHS ['/home/hatch5o6/nobackup/archive/data/flores200_dataset/devtest/eng_Latn.devtest']
MultilingualDataset TOTAL PAIRS: 1012
data_csv /home/hatch5o6/Cognate/code/NMT/data/mfe-en/train.csv
random seed: 525
MultilingualDataset READING CSV /home/hatch5o6/Cognate/code/NMT/data/mfe-en/train.csv
Reading all lines from /home/hatch5o6/nobackup/archive/data/Kreyol-MT/mfe-eng/train.mfe-eng.mfe
Reading all lines from /home/hatch5o6/nobackup/archive/data/Kreyol-MT/mfe-eng/train.mfe-eng.eng
Making unique: ('mfe', 'en')
	Before unique: 19149
	After unique: 19149
DATA MAX_SIZE = 19149
RAW DATA SIZE: 19149
UPSAMPLED SIZE: 19149
RETURNING SRC PATHS ['/home/hatch5o6/nobackup/archive/data/Kreyol-MT/mfe-eng/train.mfe-eng.mfe']
RETURNING TGT PATHS ['/home/hatch5o6/nobackup/archive/data/Kreyol-MT/mfe-eng/train.mfe-eng.eng']
MultilingualDataset TOTAL PAIRS: 19149
data_csv /home/hatch5o6/Cognate/code/NMT/data/mfe-en_dev_test/val.csv
random seed: 525
MultilingualDataset READING CSV /home/hatch5o6/Cognate/code/NMT/data/mfe-en_dev_test/val.csv
Reading all lines from /home/hatch5o6/nobackup/archive/data/Kreyol-MT/mfe-eng/val.mfe-eng.mfe
Reading all lines from /home/hatch5o6/nobackup/archive/data/Kreyol-MT/mfe-eng/val.mfe-eng.eng
Making unique: ('mfe', 'en')
	Before unique: 472
	After unique: 472
DATA MAX_SIZE = 472
RAW DATA SIZE: 472
UPSAMPLED SIZE: 472
RETURNING SRC PATHS ['/home/hatch5o6/nobackup/archive/data/Kreyol-MT/mfe-eng/val.mfe-eng.mfe']
RETURNING TGT PATHS ['/home/hatch5o6/nobackup/archive/data/Kreyol-MT/mfe-eng/val.mfe-eng.eng']
MultilingualDataset TOTAL PAIRS: 472
data_csv /home/hatch5o6/Cognate/code/NMT/data/mfe-en_dev_test/test.csv
random seed: 525
MultilingualDataset READING CSV /home/hatch5o6/Cognate/code/NMT/data/mfe-en_dev_test/test.csv
Reading all lines from /home/hatch5o6/nobackup/archive/data/Kreyol-MT/mfe-eng/test.mfe-eng.mfe
Reading all lines from /home/hatch5o6/nobackup/archive/data/Kreyol-MT/mfe-eng/test.mfe-eng.eng
Making unique: ('mfe', 'en')
	Before unique: 811
	After unique: 811
DATA MAX_SIZE = 811
RAW DATA SIZE: 811
UPSAMPLED SIZE: 811
RETURNING SRC PATHS ['/home/hatch5o6/nobackup/archive/data/Kreyol-MT/mfe-eng/test.mfe-eng.mfe']
RETURNING TGT PATHS ['/home/hatch5o6/nobackup/archive/data/Kreyol-MT/mfe-eng/test.mfe-eng.eng']
MultilingualDataset TOTAL PAIRS: 811
