Starting-----------------------
Mon Jun 16 03:27:39 PM MDT 2025
-------------------------------
Arguments:-
    SPM_TRAIN_SIZE=50000

    SRC_LANGS=lua,bem
    SRC_TOK_NAME=lua-bem
    TGT_LANGS=en
    TGT_TOK_NAME=en

    TRAIN_PARALLEL=/home/hatch5o6/Cognate/code/NMT/data/PLAIN/lua-en/train.csv,/home/hatch5o6/Cognate/code/NMT/data/PLAIN/bem-en/train.csv,/home/hatch5o6/Cognate/code/NMT/data/PLAIN/lua-bem/train.csv
    VAL_PARALLEL=/home/hatch5o6/Cognate/code/NMT/data/PLAIN/lua-en_dev_test/val.csv,/home/hatch5o6/Cognate/code/NMT/data/PLAIN/bem-en_dev_test/val.csv,/home/hatch5o6/Cognate/code/NMT/data/PLAIN/lua-bem_dev_test/val.csv
    TEST_PARALLEL=/home/hatch5o6/Cognate/code/NMT/data/PLAIN/lua-en_dev_test/test.csv,/home/hatch5o6/Cognate/code/NMT/data/PLAIN/bem-en_dev_test/test.csv,/home/hatch5o6/Cognate/code/NMT/data/PLAIN/lua-bem_dev_test/test.csv
    TOK_TRAIN_DATA_DIR=/home/hatch5o6/nobackup/archive/CognateMT/spm_models/lua-bem_en

    SPLIT_ON_WS=true
    INCLUDE_LANG_TOKS=false
    INCLUDE_PAD_TOK=true
    SPECIAL_TOKS=null
-------------------------------
creating /home/hatch5o6/nobackup/archive/CognateMT/spm_models/lua-bem_en
############################
# make_SC_training_data.py #
############################
Arguments:-
	-train_csvs: /home/hatch5o6/Cognate/code/NMT/data/PLAIN/lua-en/train.csv,/home/hatch5o6/Cognate/code/NMT/data/PLAIN/bem-en/train.csv,/home/hatch5o6/Cognate/code/NMT/data/PLAIN/lua-bem/train.csv
	-val_csvs: /home/hatch5o6/Cognate/code/NMT/data/PLAIN/lua-en_dev_test/val.csv,/home/hatch5o6/Cognate/code/NMT/data/PLAIN/bem-en_dev_test/val.csv,/home/hatch5o6/Cognate/code/NMT/data/PLAIN/lua-bem_dev_test/val.csv
	-test_csvs: /home/hatch5o6/Cognate/code/NMT/data/PLAIN/lua-en_dev_test/test.csv,/home/hatch5o6/Cognate/code/NMT/data/PLAIN/bem-en_dev_test/test.csv,/home/hatch5o6/Cognate/code/NMT/data/PLAIN/lua-bem_dev_test/test.csv
	-out_dir: /home/hatch5o6/nobackup/archive/CognateMT/spm_models/lua-bem_en
------------------------------

### READING ###
Reading /home/hatch5o6/Cognate/code/NMT/data/PLAIN/lua-en/train.csv
Reading /home/hatch5o6/Cognate/code/NMT/data/PLAIN/bem-en/train.csv
Reading /home/hatch5o6/Cognate/code/NMT/data/PLAIN/lua-bem/train.csv
Reading /home/hatch5o6/Cognate/code/NMT/data/PLAIN/lua-en_dev_test/val.csv
Reading /home/hatch5o6/Cognate/code/NMT/data/PLAIN/bem-en_dev_test/val.csv
Reading /home/hatch5o6/Cognate/code/NMT/data/PLAIN/lua-bem_dev_test/val.csv
Reading /home/hatch5o6/Cognate/code/NMT/data/PLAIN/lua-en_dev_test/test.csv
Reading /home/hatch5o6/Cognate/code/NMT/data/PLAIN/bem-en_dev_test/test.csv
Reading /home/hatch5o6/Cognate/code/NMT/data/PLAIN/lua-bem_dev_test/test.csv
### WRITING ###
deleting /home/hatch5o6/nobackup/archive/CognateMT/spm_models/lua-bem_en
creating /home/hatch5o6/nobackup/archive/CognateMT/spm_models/lua-bem_en
--
Writing lua:
	-/home/hatch5o6/nobackup/archive/data/NLLB/lua_en/cleaned/tgt.txt
	total lines for lua now 2065546
	-/home/hatch5o6/nobackup/archive/data/NLLB/lua_bem/cleaned/tgt.txt
	total lines for lua now 2180978
	-/home/hatch5o6/nobackup/archive/data/flores200_dataset/dev/lua_Latn.dev
	total lines for lua now 2181975
	-/home/hatch5o6/nobackup/archive/data/flores200_dataset/devtest/lua_Latn.devtest
	total lines for lua now 2182987
TOTAL LINES (BEFORE UNIQUE): 2182987
TOTAL LINES (AFTER UNIQUE): 331112
Writing lua data (331112 lines) to /home/hatch5o6/nobackup/archive/CognateMT/spm_models/lua-bem_en/lua.txt
--
Writing en:
	-/home/hatch5o6/nobackup/archive/data/NLLB/lua_en/cleaned/src.txt
	total lines for en now 2065546
	-/home/hatch5o6/nobackup/archive/data/NLLB/en_bem/cleaned/tgt.txt
	total lines for en now 2436835
	-/home/hatch5o6/nobackup/archive/data/BIG-C/bigc/data/bem/text/cleaned/cleaned/tgt.txt
	total lines for en now 2527674
	-/home/hatch5o6/nobackup/archive/data/flores200_dataset/dev/eng_Latn.dev
	total lines for en now 2528671
	-/home/hatch5o6/nobackup/archive/data/flores200_dataset/devtest/eng_Latn.devtest
	total lines for en now 2529683
TOTAL LINES (BEFORE UNIQUE): 2529683
TOTAL LINES (AFTER UNIQUE): 2438730
Writing en data (2438730 lines) to /home/hatch5o6/nobackup/archive/CognateMT/spm_models/lua-bem_en/en.txt
--
Writing bem:
	-/home/hatch5o6/nobackup/archive/data/NLLB/en_bem/cleaned/src.txt
	total lines for bem now 371289
	-/home/hatch5o6/nobackup/archive/data/BIG-C/bigc/data/bem/text/cleaned/cleaned/src.txt
	total lines for bem now 462128
	-/home/hatch5o6/nobackup/archive/data/NLLB/lua_bem/cleaned/src.txt
	total lines for bem now 577560
	-/home/hatch5o6/nobackup/archive/data/flores200_dataset/dev/bem_Latn.dev
	total lines for bem now 578557
	-/home/hatch5o6/nobackup/archive/data/flores200_dataset/devtest/bem_Latn.devtest
	total lines for bem now 579569
TOTAL LINES (BEFORE UNIQUE): 579569
TOTAL LINES (AFTER UNIQUE): 370362
Writing bem data (370362 lines) to /home/hatch5o6/nobackup/archive/CognateMT/spm_models/lua-bem_en/bem.txt
INCLUDING <pad> TOKEN
SRC_USER_DEFINED_SYMBOLS_STR: <pad>
TGT_USER_DEFINED_SYMBOLS_STR: <pad>

Arguments:-
	--langs = 'lua,bem'
	--folder = '/home/hatch5o6/nobackup/archive/CognateMT/spm_models/lua-bem_en'
	--data = 'None'
	--training_data_size = '50000'
	--save_dir = '/home/hatch5o6/nobackup/archive/CognateMT/spm_models/lua-bem_en/lua-bem'
	--spm_model_name = 'lua-bem'
	--spm_vocab_size = '8000'
	--spm_model_type = 'bpe'
	--character_coverage = '1.0'
	--seed = '1500'
	--user_defined_symbols = '<pad>'
	--SPLIT_ON_WS = 'true'
langs ['lua', 'bem']
DATA LIST ['/home/hatch5o6/nobackup/archive/CognateMT/spm_models/lua-bem_en/lua.txt', '/home/hatch5o6/nobackup/archive/CognateMT/spm_models/lua-bem_en/bem.txt']
CREATED DATA_DICT FROM args.langs AND args.folder:
{
  "/home/hatch5o6/nobackup/archive/CognateMT/spm_models/lua-bem_en/lua.txt": 0.5,
  "/home/hatch5o6/nobackup/archive/CognateMT/spm_models/lua-bem_en/bem.txt": 0.5
}


creating /home/hatch5o6/nobackup/archive/CognateMT/spm_models/lua-bem_en/lua-bem
-----------------------------
data_f: /home/hatch5o6/nobackup/archive/CognateMT/spm_models/lua-bem_en/lua.txt
ratio: 0.5
size: 331112
After upsampling: 25000
-----------------------------
data_f: /home/hatch5o6/nobackup/archive/CognateMT/spm_models/lua-bem_en/bem.txt
ratio: 0.5
size: 370362
After upsampling: 25000


ALL DATA SIZE: 50000
Writing 50000 lines to /home/hatch5o6/nobackup/archive/CognateMT/spm_models/lua-bem_en/lua-bem/training_data.s=1500.txt
Training tokenizer
model_name: /home/hatch5o6/nobackup/archive/CognateMT/spm_models/lua-bem_en/lua-bem/lua-bem
data_file: /home/hatch5o6/nobackup/archive/CognateMT/spm_models/lua-bem_en/lua-bem/training_data.s=1500.txt
model_type: bpe
vocab_size: 8000
character_coverage: 1.0
user_defined_symbols: ['<pad>', '▁']
Arguments:-
	--langs = 'en'
	--folder = '/home/hatch5o6/nobackup/archive/CognateMT/spm_models/lua-bem_en'
	--data = 'None'
	--training_data_size = '50000'
	--save_dir = '/home/hatch5o6/nobackup/archive/CognateMT/spm_models/lua-bem_en/en'
	--spm_model_name = 'en'
	--spm_vocab_size = '8000'
	--spm_model_type = 'bpe'
	--character_coverage = '1.0'
	--seed = '1500'
	--user_defined_symbols = '<pad>'
	--SPLIT_ON_WS = 'true'
langs ['en']
DATA LIST ['/home/hatch5o6/nobackup/archive/CognateMT/spm_models/lua-bem_en/en.txt']
CREATED DATA_DICT FROM args.langs AND args.folder:
{
  "/home/hatch5o6/nobackup/archive/CognateMT/spm_models/lua-bem_en/en.txt": 1.0
}


creating /home/hatch5o6/nobackup/archive/CognateMT/spm_models/lua-bem_en/en
-----------------------------
data_f: /home/hatch5o6/nobackup/archive/CognateMT/spm_models/lua-bem_en/en.txt
ratio: 1.0
size: 2438730
After upsampling: 50000


ALL DATA SIZE: 50000
Writing 50000 lines to /home/hatch5o6/nobackup/archive/CognateMT/spm_models/lua-bem_en/en/training_data.s=1500.txt
Training tokenizer
model_name: /home/hatch5o6/nobackup/archive/CognateMT/spm_models/lua-bem_en/en/en
data_file: /home/hatch5o6/nobackup/archive/CognateMT/spm_models/lua-bem_en/en/training_data.s=1500.txt
model_type: bpe
vocab_size: 8000
character_coverage: 1.0
user_defined_symbols: ['<pad>', '▁']
Finished-----------------------
Mon Jun 16 03:28:03 PM MDT 2025
-------------------------------
