Starting-----------------------
Mon Jun 16 03:25:17 PM MDT 2025
-------------------------------
Arguments:-
    SPM_TRAIN_SIZE=50000

    SRC_LANGS=ewe,fon
    SRC_TOK_NAME=ewe-fon
    TGT_LANGS=en
    TGT_TOK_NAME=en

    TRAIN_PARALLEL=/home/hatch5o6/Cognate/code/NMT/data/PLAIN/ewe-en/train.csv,/home/hatch5o6/Cognate/code/NMT/data/PLAIN/fon-en/train.csv,/home/hatch5o6/Cognate/code/NMT/data/PLAIN/ewe-fon/train.csv
    VAL_PARALLEL=/home/hatch5o6/Cognate/code/NMT/data/PLAIN/ewe-en_dev_test/val.csv,/home/hatch5o6/Cognate/code/NMT/data/PLAIN/fon-en_dev_test/val.csv,/home/hatch5o6/Cognate/code/NMT/data/PLAIN/ewe-fon_dev_test/val.csv
    TEST_PARALLEL=/home/hatch5o6/Cognate/code/NMT/data/PLAIN/ewe-en_dev_test/test.csv,/home/hatch5o6/Cognate/code/NMT/data/PLAIN/fon-en_dev_test/test.csv,/home/hatch5o6/Cognate/code/NMT/data/PLAIN/ewe-fon_dev_test/test.csv
    TOK_TRAIN_DATA_DIR=/home/hatch5o6/nobackup/archive/CognateMT/spm_models/ewe-fon_en

    SPLIT_ON_WS=true
    INCLUDE_LANG_TOKS=false
    INCLUDE_PAD_TOK=true
    SPECIAL_TOKS=null
-------------------------------
creating /home/hatch5o6/nobackup/archive/CognateMT/spm_models/ewe-fon_en
############################
# make_SC_training_data.py #
############################
Arguments:-
	-train_csvs: /home/hatch5o6/Cognate/code/NMT/data/PLAIN/ewe-en/train.csv,/home/hatch5o6/Cognate/code/NMT/data/PLAIN/fon-en/train.csv,/home/hatch5o6/Cognate/code/NMT/data/PLAIN/ewe-fon/train.csv
	-val_csvs: /home/hatch5o6/Cognate/code/NMT/data/PLAIN/ewe-en_dev_test/val.csv,/home/hatch5o6/Cognate/code/NMT/data/PLAIN/fon-en_dev_test/val.csv,/home/hatch5o6/Cognate/code/NMT/data/PLAIN/ewe-fon_dev_test/val.csv
	-test_csvs: /home/hatch5o6/Cognate/code/NMT/data/PLAIN/ewe-en_dev_test/test.csv,/home/hatch5o6/Cognate/code/NMT/data/PLAIN/fon-en_dev_test/test.csv,/home/hatch5o6/Cognate/code/NMT/data/PLAIN/ewe-fon_dev_test/test.csv
	-out_dir: /home/hatch5o6/nobackup/archive/CognateMT/spm_models/ewe-fon_en
------------------------------

### READING ###
Reading /home/hatch5o6/Cognate/code/NMT/data/PLAIN/ewe-en/train.csv
Reading /home/hatch5o6/Cognate/code/NMT/data/PLAIN/fon-en/train.csv
Reading /home/hatch5o6/Cognate/code/NMT/data/PLAIN/ewe-fon/train.csv
Reading /home/hatch5o6/Cognate/code/NMT/data/PLAIN/ewe-en_dev_test/val.csv
Reading /home/hatch5o6/Cognate/code/NMT/data/PLAIN/fon-en_dev_test/val.csv
Reading /home/hatch5o6/Cognate/code/NMT/data/PLAIN/ewe-fon_dev_test/val.csv
Reading /home/hatch5o6/Cognate/code/NMT/data/PLAIN/ewe-en_dev_test/test.csv
Reading /home/hatch5o6/Cognate/code/NMT/data/PLAIN/fon-en_dev_test/test.csv
Reading /home/hatch5o6/Cognate/code/NMT/data/PLAIN/ewe-fon_dev_test/test.csv
### WRITING ###
deleting /home/hatch5o6/nobackup/archive/CognateMT/spm_models/ewe-fon_en
creating /home/hatch5o6/nobackup/archive/CognateMT/spm_models/ewe-fon_en
--
Writing ewe:
	-/home/hatch5o6/nobackup/archive/data/bible-uedin/ewe_en/cleaned/src.txt
	total lines for ewe now 15762
	-/home/hatch5o6/nobackup/archive/data/smol_gatitos/SMOLDOC/en-ee/cleaned/cleaned/tgt.txt
	total lines for ewe now 17345
	-/home/hatch5o6/nobackup/archive/data/smol_gatitos/SMOLSENT/en-ee/cleaned/cleaned/tgt.txt
	total lines for ewe now 18206
	-/home/hatch5o6/nobackup/archive/data/smol_gatitos/GATITOS/en-ee/ee.txt
	total lines for ewe now 22196
	-/home/hatch5o6/nobackup/archive/data/NLLB/ee_fon/cleaned/src.txt
	total lines for ewe now 94620
	-/home/hatch5o6/nobackup/archive/data/flores200_dataset/dev/ewe_Latn.dev
	total lines for ewe now 95617
	-/home/hatch5o6/nobackup/archive/data/flores200_dataset/devtest/ewe_Latn.devtest
	total lines for ewe now 96629
TOTAL LINES (BEFORE UNIQUE): 96629
TOTAL LINES (AFTER UNIQUE): 79092
Writing ewe data (79092 lines) to /home/hatch5o6/nobackup/archive/CognateMT/spm_models/ewe-fon_en/ewe.txt
--
Writing en:
	-/home/hatch5o6/nobackup/archive/data/bible-uedin/ewe_en/cleaned/tgt.txt
	total lines for en now 15762
	-/home/hatch5o6/nobackup/archive/data/smol_gatitos/SMOLDOC/en-ee/cleaned/cleaned/src.txt
	total lines for en now 17345
	-/home/hatch5o6/nobackup/archive/data/smol_gatitos/SMOLSENT/en-ee/cleaned/cleaned/src.txt
	total lines for en now 18206
	-/home/hatch5o6/nobackup/archive/data/smol_gatitos/GATITOS/en-ee/en.txt
	total lines for en now 22196
	-/home/hatch5o6/nobackup/archive/data/NLLB/en_fon/cleaned/src.txt
	total lines for en now 1808964
	-/home/hatch5o6/nobackup/archive/data/smol_gatitos/SMOLDOC/en-fon/cleaned/cleaned/src.txt
	total lines for en now 1809774
	-/home/hatch5o6/nobackup/archive/data/smol_gatitos/SMOLSENT/en-fon/cleaned/cleaned/src.txt
	total lines for en now 1810635
	-/home/hatch5o6/nobackup/archive/data/flores200_dataset/dev/eng_Latn.dev
	total lines for en now 1811632
	-/home/hatch5o6/nobackup/archive/data/flores200_dataset/devtest/eng_Latn.devtest
	total lines for en now 1812644
TOTAL LINES (BEFORE UNIQUE): 1812644
TOTAL LINES (AFTER UNIQUE): 1695994
Writing en data (1695994 lines) to /home/hatch5o6/nobackup/archive/CognateMT/spm_models/ewe-fon_en/en.txt
--
Writing fon:
	-/home/hatch5o6/nobackup/archive/data/NLLB/en_fon/cleaned/tgt.txt
	total lines for fon now 1786768
	-/home/hatch5o6/nobackup/archive/data/smol_gatitos/SMOLDOC/en-fon/cleaned/cleaned/tgt.txt
	total lines for fon now 1787578
	-/home/hatch5o6/nobackup/archive/data/smol_gatitos/SMOLSENT/en-fon/cleaned/cleaned/tgt.txt
	total lines for fon now 1788439
	-/home/hatch5o6/nobackup/archive/data/NLLB/ee_fon/cleaned/tgt.txt
	total lines for fon now 1860863
	-/home/hatch5o6/nobackup/archive/data/flores200_dataset/dev/fon_Latn.dev
	total lines for fon now 1861860
	-/home/hatch5o6/nobackup/archive/data/flores200_dataset/devtest/fon_Latn.devtest
	total lines for fon now 1862872
TOTAL LINES (BEFORE UNIQUE): 1862872
TOTAL LINES (AFTER UNIQUE): 397983
Writing fon data (397983 lines) to /home/hatch5o6/nobackup/archive/CognateMT/spm_models/ewe-fon_en/fon.txt
INCLUDING <pad> TOKEN
SRC_USER_DEFINED_SYMBOLS_STR: <pad>
TGT_USER_DEFINED_SYMBOLS_STR: <pad>

Arguments:-
	--langs = 'ewe,fon'
	--folder = '/home/hatch5o6/nobackup/archive/CognateMT/spm_models/ewe-fon_en'
	--data = 'None'
	--training_data_size = '50000'
	--save_dir = '/home/hatch5o6/nobackup/archive/CognateMT/spm_models/ewe-fon_en/ewe-fon'
	--spm_model_name = 'ewe-fon'
	--spm_vocab_size = '8000'
	--spm_model_type = 'bpe'
	--character_coverage = '1.0'
	--seed = '1500'
	--user_defined_symbols = '<pad>'
	--SPLIT_ON_WS = 'true'
langs ['ewe', 'fon']
DATA LIST ['/home/hatch5o6/nobackup/archive/CognateMT/spm_models/ewe-fon_en/ewe.txt', '/home/hatch5o6/nobackup/archive/CognateMT/spm_models/ewe-fon_en/fon.txt']
CREATED DATA_DICT FROM args.langs AND args.folder:
{
  "/home/hatch5o6/nobackup/archive/CognateMT/spm_models/ewe-fon_en/ewe.txt": 0.5,
  "/home/hatch5o6/nobackup/archive/CognateMT/spm_models/ewe-fon_en/fon.txt": 0.5
}


creating /home/hatch5o6/nobackup/archive/CognateMT/spm_models/ewe-fon_en/ewe-fon
-----------------------------
data_f: /home/hatch5o6/nobackup/archive/CognateMT/spm_models/ewe-fon_en/ewe.txt
ratio: 0.5
size: 79092
After upsampling: 25000
-----------------------------
data_f: /home/hatch5o6/nobackup/archive/CognateMT/spm_models/ewe-fon_en/fon.txt
ratio: 0.5
size: 397983
After upsampling: 25000


ALL DATA SIZE: 50000
Writing 50000 lines to /home/hatch5o6/nobackup/archive/CognateMT/spm_models/ewe-fon_en/ewe-fon/training_data.s=1500.txt
Training tokenizer
model_name: /home/hatch5o6/nobackup/archive/CognateMT/spm_models/ewe-fon_en/ewe-fon/ewe-fon
data_file: /home/hatch5o6/nobackup/archive/CognateMT/spm_models/ewe-fon_en/ewe-fon/training_data.s=1500.txt
model_type: bpe
vocab_size: 8000
character_coverage: 1.0
user_defined_symbols: ['<pad>', '▁']
Arguments:-
	--langs = 'en'
	--folder = '/home/hatch5o6/nobackup/archive/CognateMT/spm_models/ewe-fon_en'
	--data = 'None'
	--training_data_size = '50000'
	--save_dir = '/home/hatch5o6/nobackup/archive/CognateMT/spm_models/ewe-fon_en/en'
	--spm_model_name = 'en'
	--spm_vocab_size = '8000'
	--spm_model_type = 'bpe'
	--character_coverage = '1.0'
	--seed = '1500'
	--user_defined_symbols = '<pad>'
	--SPLIT_ON_WS = 'true'
langs ['en']
DATA LIST ['/home/hatch5o6/nobackup/archive/CognateMT/spm_models/ewe-fon_en/en.txt']
CREATED DATA_DICT FROM args.langs AND args.folder:
{
  "/home/hatch5o6/nobackup/archive/CognateMT/spm_models/ewe-fon_en/en.txt": 1.0
}


creating /home/hatch5o6/nobackup/archive/CognateMT/spm_models/ewe-fon_en/en
-----------------------------
data_f: /home/hatch5o6/nobackup/archive/CognateMT/spm_models/ewe-fon_en/en.txt
ratio: 1.0
size: 1695994
After upsampling: 50000


ALL DATA SIZE: 50000
Writing 50000 lines to /home/hatch5o6/nobackup/archive/CognateMT/spm_models/ewe-fon_en/en/training_data.s=1500.txt
Training tokenizer
model_name: /home/hatch5o6/nobackup/archive/CognateMT/spm_models/ewe-fon_en/en/en
data_file: /home/hatch5o6/nobackup/archive/CognateMT/spm_models/ewe-fon_en/en/training_data.s=1500.txt
model_type: bpe
vocab_size: 8000
character_coverage: 1.0
user_defined_symbols: ['<pad>', '▁']
Finished-----------------------
Mon Jun 16 03:25:39 PM MDT 2025
-------------------------------
