Starting-----------------------
Mon Jun 16 03:25:39 PM MDT 2025
-------------------------------
Arguments:-
    SPM_TRAIN_SIZE=50000

    SRC_LANGS=ewe,fon
    SRC_TOK_NAME=ewe-fon
    TGT_LANGS=fr
    TGT_TOK_NAME=fr

    TRAIN_PARALLEL=/home/hatch5o6/Cognate/code/NMT/data/PLAIN/ewe-fr/train.csv,/home/hatch5o6/Cognate/code/NMT/data/PLAIN/fon-fr/train.csv,/home/hatch5o6/Cognate/code/NMT/data/PLAIN/ewe-fon/train.csv
    VAL_PARALLEL=/home/hatch5o6/Cognate/code/NMT/data/PLAIN/ewe-fr_dev_test/val.csv,/home/hatch5o6/Cognate/code/NMT/data/PLAIN/fon-fr_dev_test/val.csv,/home/hatch5o6/Cognate/code/NMT/data/PLAIN/ewe-fon_dev_test/val.csv
    TEST_PARALLEL=/home/hatch5o6/Cognate/code/NMT/data/PLAIN/ewe-fr_dev_test/test.csv,/home/hatch5o6/Cognate/code/NMT/data/PLAIN/fon-fr_dev_test/test.csv,/home/hatch5o6/Cognate/code/NMT/data/PLAIN/ewe-fon_dev_test/test.csv
    TOK_TRAIN_DATA_DIR=/home/hatch5o6/nobackup/archive/CognateMT/spm_models/ewe-fon_fr

    SPLIT_ON_WS=true
    INCLUDE_LANG_TOKS=false
    INCLUDE_PAD_TOK=true
    SPECIAL_TOKS=null
-------------------------------
creating /home/hatch5o6/nobackup/archive/CognateMT/spm_models/ewe-fon_fr
############################
# make_SC_training_data.py #
############################
Arguments:-
	-train_csvs: /home/hatch5o6/Cognate/code/NMT/data/PLAIN/ewe-fr/train.csv,/home/hatch5o6/Cognate/code/NMT/data/PLAIN/fon-fr/train.csv,/home/hatch5o6/Cognate/code/NMT/data/PLAIN/ewe-fon/train.csv
	-val_csvs: /home/hatch5o6/Cognate/code/NMT/data/PLAIN/ewe-fr_dev_test/val.csv,/home/hatch5o6/Cognate/code/NMT/data/PLAIN/fon-fr_dev_test/val.csv,/home/hatch5o6/Cognate/code/NMT/data/PLAIN/ewe-fon_dev_test/val.csv
	-test_csvs: /home/hatch5o6/Cognate/code/NMT/data/PLAIN/ewe-fr_dev_test/test.csv,/home/hatch5o6/Cognate/code/NMT/data/PLAIN/fon-fr_dev_test/test.csv,/home/hatch5o6/Cognate/code/NMT/data/PLAIN/ewe-fon_dev_test/test.csv
	-out_dir: /home/hatch5o6/nobackup/archive/CognateMT/spm_models/ewe-fon_fr
------------------------------

### READING ###
Reading /home/hatch5o6/Cognate/code/NMT/data/PLAIN/ewe-fr/train.csv
Reading /home/hatch5o6/Cognate/code/NMT/data/PLAIN/fon-fr/train.csv
Reading /home/hatch5o6/Cognate/code/NMT/data/PLAIN/ewe-fon/train.csv
Reading /home/hatch5o6/Cognate/code/NMT/data/PLAIN/ewe-fr_dev_test/val.csv
Reading /home/hatch5o6/Cognate/code/NMT/data/PLAIN/fon-fr_dev_test/val.csv
Reading /home/hatch5o6/Cognate/code/NMT/data/PLAIN/ewe-fon_dev_test/val.csv
Reading /home/hatch5o6/Cognate/code/NMT/data/PLAIN/ewe-fr_dev_test/test.csv
Reading /home/hatch5o6/Cognate/code/NMT/data/PLAIN/fon-fr_dev_test/test.csv
Reading /home/hatch5o6/Cognate/code/NMT/data/PLAIN/ewe-fon_dev_test/test.csv
### WRITING ###
deleting /home/hatch5o6/nobackup/archive/CognateMT/spm_models/ewe-fon_fr
creating /home/hatch5o6/nobackup/archive/CognateMT/spm_models/ewe-fon_fr
--
Writing ewe:
	-/home/hatch5o6/nobackup/archive/data/polynews_parallel/fra_Latn-ewe_Latn/cleaned/cleaned/tgt.txt
	total lines for ewe now 1972
	-/home/hatch5o6/nobackup/archive/data/NLLB/fr_ee/cleaned/src.txt
	total lines for ewe now 924526
	-/home/hatch5o6/nobackup/archive/data/NLLB/ee_fon/cleaned/src.txt
	total lines for ewe now 996950
	-/home/hatch5o6/nobackup/archive/data/flores200_dataset/dev/ewe_Latn.dev
	total lines for ewe now 997947
	-/home/hatch5o6/nobackup/archive/data/flores200_dataset/devtest/ewe_Latn.devtest
	total lines for ewe now 998959
TOTAL LINES (BEFORE UNIQUE): 998959
TOTAL LINES (AFTER UNIQUE): 570371
Writing ewe data (570371 lines) to /home/hatch5o6/nobackup/archive/CognateMT/spm_models/ewe-fon_fr/ewe.txt
--
Writing fr:
	-/home/hatch5o6/nobackup/archive/data/polynews_parallel/fra_Latn-ewe_Latn/cleaned/cleaned/src.txt
	total lines for fr now 1972
	-/home/hatch5o6/nobackup/archive/data/NLLB/fr_ee/cleaned/tgt.txt
	total lines for fr now 924526
	-/home/hatch5o6/nobackup/archive/data/polynews_parallel/fra_Latn-fon_Latn/cleaned/cleaned/src.txt
	total lines for fr now 927094
	-/home/hatch5o6/nobackup/archive/data/NLLB/fr_fon/cleaned/tgt.txt
	total lines for fr now 1401634
	-/home/hatch5o6/nobackup/archive/data/FFR/fr_fon/cleaned/tgt.txt
	total lines for fr now 1449868
	-/home/hatch5o6/nobackup/archive/data/FonFrenchDailyDialogue/cleaned/cleaned/src.txt
	total lines for fr now 1468008
	-/home/hatch5o6/nobackup/archive/data/flores200_dataset/dev/fra_Latn.dev
	total lines for fr now 1469005
	-/home/hatch5o6/nobackup/archive/data/flores200_dataset/devtest/fra_Latn.devtest
	total lines for fr now 1470017
TOTAL LINES (BEFORE UNIQUE): 1470017
TOTAL LINES (AFTER UNIQUE): 1298695
Writing fr data (1298695 lines) to /home/hatch5o6/nobackup/archive/CognateMT/spm_models/ewe-fon_fr/fr.txt
--
Writing fon:
	-/home/hatch5o6/nobackup/archive/data/polynews_parallel/fra_Latn-fon_Latn/cleaned/cleaned/tgt.txt
	total lines for fon now 2568
	-/home/hatch5o6/nobackup/archive/data/NLLB/fr_fon/cleaned/src.txt
	total lines for fon now 477108
	-/home/hatch5o6/nobackup/archive/data/FFR/fr_fon/cleaned/src.txt
	total lines for fon now 525342
	-/home/hatch5o6/nobackup/archive/data/FonFrenchDailyDialogue/cleaned/cleaned/tgt.txt
	total lines for fon now 543482
	-/home/hatch5o6/nobackup/archive/data/NLLB/ee_fon/cleaned/tgt.txt
	total lines for fon now 615906
	-/home/hatch5o6/nobackup/archive/data/flores200_dataset/dev/fon_Latn.dev
	total lines for fon now 616903
	-/home/hatch5o6/nobackup/archive/data/flores200_dataset/devtest/fon_Latn.devtest
	total lines for fon now 617915
TOTAL LINES (BEFORE UNIQUE): 617915
TOTAL LINES (AFTER UNIQUE): 333790
Writing fon data (333790 lines) to /home/hatch5o6/nobackup/archive/CognateMT/spm_models/ewe-fon_fr/fon.txt
INCLUDING <pad> TOKEN
SRC_USER_DEFINED_SYMBOLS_STR: <pad>
TGT_USER_DEFINED_SYMBOLS_STR: <pad>

Arguments:-
	--langs = 'ewe,fon'
	--folder = '/home/hatch5o6/nobackup/archive/CognateMT/spm_models/ewe-fon_fr'
	--data = 'None'
	--training_data_size = '50000'
	--save_dir = '/home/hatch5o6/nobackup/archive/CognateMT/spm_models/ewe-fon_fr/ewe-fon'
	--spm_model_name = 'ewe-fon'
	--spm_vocab_size = '8000'
	--spm_model_type = 'bpe'
	--character_coverage = '1.0'
	--seed = '1500'
	--user_defined_symbols = '<pad>'
	--SPLIT_ON_WS = 'true'
langs ['ewe', 'fon']
DATA LIST ['/home/hatch5o6/nobackup/archive/CognateMT/spm_models/ewe-fon_fr/ewe.txt', '/home/hatch5o6/nobackup/archive/CognateMT/spm_models/ewe-fon_fr/fon.txt']
CREATED DATA_DICT FROM args.langs AND args.folder:
{
  "/home/hatch5o6/nobackup/archive/CognateMT/spm_models/ewe-fon_fr/ewe.txt": 0.5,
  "/home/hatch5o6/nobackup/archive/CognateMT/spm_models/ewe-fon_fr/fon.txt": 0.5
}


creating /home/hatch5o6/nobackup/archive/CognateMT/spm_models/ewe-fon_fr/ewe-fon
-----------------------------
data_f: /home/hatch5o6/nobackup/archive/CognateMT/spm_models/ewe-fon_fr/ewe.txt
ratio: 0.5
size: 570371
After upsampling: 25000
-----------------------------
data_f: /home/hatch5o6/nobackup/archive/CognateMT/spm_models/ewe-fon_fr/fon.txt
ratio: 0.5
size: 333790
After upsampling: 25000


ALL DATA SIZE: 50000
Writing 50000 lines to /home/hatch5o6/nobackup/archive/CognateMT/spm_models/ewe-fon_fr/ewe-fon/training_data.s=1500.txt
Training tokenizer
model_name: /home/hatch5o6/nobackup/archive/CognateMT/spm_models/ewe-fon_fr/ewe-fon/ewe-fon
data_file: /home/hatch5o6/nobackup/archive/CognateMT/spm_models/ewe-fon_fr/ewe-fon/training_data.s=1500.txt
model_type: bpe
vocab_size: 8000
character_coverage: 1.0
user_defined_symbols: ['<pad>', '▁']
Arguments:-
	--langs = 'fr'
	--folder = '/home/hatch5o6/nobackup/archive/CognateMT/spm_models/ewe-fon_fr'
	--data = 'None'
	--training_data_size = '50000'
	--save_dir = '/home/hatch5o6/nobackup/archive/CognateMT/spm_models/ewe-fon_fr/fr'
	--spm_model_name = 'fr'
	--spm_vocab_size = '8000'
	--spm_model_type = 'bpe'
	--character_coverage = '1.0'
	--seed = '1500'
	--user_defined_symbols = '<pad>'
	--SPLIT_ON_WS = 'true'
langs ['fr']
DATA LIST ['/home/hatch5o6/nobackup/archive/CognateMT/spm_models/ewe-fon_fr/fr.txt']
CREATED DATA_DICT FROM args.langs AND args.folder:
{
  "/home/hatch5o6/nobackup/archive/CognateMT/spm_models/ewe-fon_fr/fr.txt": 1.0
}


creating /home/hatch5o6/nobackup/archive/CognateMT/spm_models/ewe-fon_fr/fr
-----------------------------
data_f: /home/hatch5o6/nobackup/archive/CognateMT/spm_models/ewe-fon_fr/fr.txt
ratio: 1.0
size: 1298695
After upsampling: 50000


ALL DATA SIZE: 50000
Writing 50000 lines to /home/hatch5o6/nobackup/archive/CognateMT/spm_models/ewe-fon_fr/fr/training_data.s=1500.txt
Training tokenizer
model_name: /home/hatch5o6/nobackup/archive/CognateMT/spm_models/ewe-fon_fr/fr/fr
data_file: /home/hatch5o6/nobackup/archive/CognateMT/spm_models/ewe-fon_fr/fr/training_data.s=1500.txt
model_type: bpe
vocab_size: 8000
character_coverage: 1.0
user_defined_symbols: ['<pad>', '▁']
Finished-----------------------
Mon Jun 16 03:25:59 PM MDT 2025
-------------------------------
